<?xml version="1.0" encoding="UTF-8"?>
<robot generator="Robot 4.1.3 (Python 3.8.3 on win32)" generated="20220103 11:32:07.171" rpa="false" schemaversion="2">
<suite id="s1" name="Tests" source="C:\Users\SEYMA\GitHub\RobotFramework\13_PassingVariablesToKeywords\tests">
<suite id="s1-s1" name="Passing" source="C:\Users\SEYMA\GitHub\RobotFramework\13_PassingVariablesToKeywords\tests\passing.robot">
<test id="s1-s1-t1" name="User can search for products">
<kw name="Set Variable" library="BuiltIn">
<var>@{url_and_browser}</var>
<arg>https://www.amazon.com</arg>
<arg>gc</arg>
<doc>Returns the given values which can then be assigned to a variables.</doc>
<msg timestamp="20220103 11:32:07.440" level="INFO">@{url_and_browser} = [ https://www.amazon.com | gc ]</msg>
<status status="PASS" starttime="20220103 11:32:07.440" endtime="20220103 11:32:07.440"/>
</kw>
<kw name="Begin Web Test">
<arg>@{url_and_browser}</arg>
<kw name="Open Browser" library="SeleniumLibrary">
<arg>${url_and_browser}[0]</arg>
<arg>${url_and_browser}[1]</arg>
<doc>Opens a new browser instance to the optional ``url``.</doc>
<msg timestamp="20220103 11:32:07.441" level="INFO">Opening browser 'gc' to base url 'https://www.amazon.com'.</msg>
<status status="PASS" starttime="20220103 11:32:07.441" endtime="20220103 11:32:10.721"/>
</kw>
<kw name="Close Browser" library="SeleniumLibrary">
<doc>Closes the current browser.</doc>
<status status="PASS" starttime="20220103 11:32:10.721" endtime="20220103 11:32:12.905"/>
</kw>
<status status="PASS" starttime="20220103 11:32:07.441" endtime="20220103 11:32:12.906"/>
</kw>
<status status="PASS" starttime="20220103 11:32:07.440" endtime="20220103 11:32:12.907"/>
</test>
<status status="PASS" starttime="20220103 11:32:07.204" endtime="20220103 11:32:12.913"/>
</suite>
<status status="PASS" starttime="20220103 11:32:07.174" endtime="20220103 11:32:12.919"/>
</suite>
<statistics>
<total>
<stat pass="1" fail="0" skip="0">All Tests</stat>
</total>
<tag>
</tag>
<suite>
<stat pass="1" fail="0" skip="0" id="s1" name="Tests">Tests</stat>
<stat pass="1" fail="0" skip="0" id="s1-s1" name="Passing">Tests.Passing</stat>
</suite>
</statistics>
<errors>
</errors>
</robot>
