<?xml version="1.0" encoding="UTF-8"?>
<robot generator="Robot 4.1.3 (Python 3.8.3 on win32)" generated="20211230 15:50:14.263" rpa="false" schemaversion="2">
<suite id="s1" name="Create Keywords For Each Comment" source="C:\Users\SEYMA\GitHub\RobotFramework\5_BreakScriptIntoKeywords\tests\create_keywords_for_each_comment.robot">
<test id="s1-t1" name="User must sign in to check out">
<kw name="Begin Web Test">
<kw name="Open Browser" library="SeleniumLibrary">
<arg>about:blank</arg>
<arg>gc</arg>
<doc>Opens a new browser instance to the optional ``url``.</doc>
<msg timestamp="20211230 15:50:14.568" level="INFO">Opening browser 'gc' to base url 'about:blank'.</msg>
<status status="PASS" starttime="20211230 15:50:14.568" endtime="20211230 15:50:15.945"/>
</kw>
<kw name="Maximize Browser Window" library="SeleniumLibrary">
<doc>Maximizes current browser window.</doc>
<status status="PASS" starttime="20211230 15:50:15.945" endtime="20211230 15:50:16.070"/>
</kw>
<status status="PASS" starttime="20211230 15:50:14.567" endtime="20211230 15:50:16.070"/>
</kw>
<kw name="Search for Products">
<kw name="Go To" library="SeleniumLibrary">
<arg>http://www.amazon.com</arg>
<doc>Navigates the current browser window to the provided ``url``.</doc>
<msg timestamp="20211230 15:50:16.071" level="INFO">Opening url 'http://www.amazon.com'</msg>
<status status="PASS" starttime="20211230 15:50:16.071" endtime="20211230 15:50:18.053"/>
</kw>
<kw name="Wait Until Page Contains" library="SeleniumLibrary">
<arg>Hello, Sign in</arg>
<doc>Waits until ``text`` appears on the current page.</doc>
<status status="PASS" starttime="20211230 15:50:18.053" endtime="20211230 15:50:18.132"/>
</kw>
<kw name="Input Text" library="SeleniumLibrary">
<arg>id=twotabsearchtextbox</arg>
<arg>Ferrari 458</arg>
<doc>Types the given ``text`` into the text field identified by ``locator``.</doc>
<msg timestamp="20211230 15:50:18.132" level="INFO">Typing text 'Ferrari 458' into text field 'id=twotabsearchtextbox'.</msg>
<status status="PASS" starttime="20211230 15:50:18.132" endtime="20211230 15:50:18.480"/>
</kw>
<kw name="Click Button" library="SeleniumLibrary">
<arg>xpath=//*[@id="nav-search-submit-button"]</arg>
<doc>Clicks the button identified by ``locator``.</doc>
<msg timestamp="20211230 15:50:18.481" level="INFO">Clicking button 'xpath=//*[@id="nav-search-submit-button"]'.</msg>
<status status="PASS" starttime="20211230 15:50:18.480" endtime="20211230 15:50:20.847"/>
</kw>
<kw name="Wait Until Page Contains" library="SeleniumLibrary">
<arg>results for "Ferrari 458"</arg>
<doc>Waits until ``text`` appears on the current page.</doc>
<status status="PASS" starttime="20211230 15:50:20.847" endtime="20211230 15:50:20.916"/>
</kw>
<status status="PASS" starttime="20211230 15:50:16.071" endtime="20211230 15:50:20.916"/>
</kw>
<kw name="Select Product from Search Results">
<kw name="Click Link" library="SeleniumLibrary">
<arg>xpath=//*[@id="search"]/div[1]/div[1]/div/span[3]/div[2]/div[3]/div/span/div/div/div[2]/div[1]/h2/a</arg>
<doc>Clicks a link identified by ``locator``.</doc>
<msg timestamp="20211230 15:50:20.917" level="INFO">Clicking link 'xpath=//*[@id="search"]/div[1]/div[1]/div/span[3]/div[2]/div[3]/div/span/div/div/div[2]/div[1]/h2/a'.</msg>
<status status="PASS" starttime="20211230 15:50:20.917" endtime="20211230 15:50:24.094"/>
</kw>
<kw name="Wait Until Page Contains" library="SeleniumLibrary">
<arg>Back to results</arg>
<doc>Waits until ``text`` appears on the current page.</doc>
<status status="PASS" starttime="20211230 15:50:24.095" endtime="20211230 15:50:24.179"/>
</kw>
<status status="PASS" starttime="20211230 15:50:20.917" endtime="20211230 15:50:24.179"/>
</kw>
<kw name="Add Product to Cart">
<kw name="Click Button" library="SeleniumLibrary">
<arg>xpath=//*[@id="add-to-cart-button"]</arg>
<doc>Clicks the button identified by ``locator``.</doc>
<msg timestamp="20211230 15:50:24.200" level="INFO">Clicking button 'xpath=//*[@id="add-to-cart-button"]'.</msg>
<status status="PASS" starttime="20211230 15:50:24.199" endtime="20211230 15:50:25.611"/>
</kw>
<kw name="Wait Until Page Contains" library="SeleniumLibrary">
<arg>Added to Cart</arg>
<doc>Waits until ``text`` appears on the current page.</doc>
<status status="PASS" starttime="20211230 15:50:25.611" endtime="20211230 15:50:25.708"/>
</kw>
<status status="PASS" starttime="20211230 15:50:24.199" endtime="20211230 15:50:25.709"/>
</kw>
<kw name="Begin Checkout">
<kw name="Click Link" library="SeleniumLibrary">
<arg>xpath=//*[@id="nav-cart"]</arg>
<doc>Clicks a link identified by ``locator``.</doc>
<msg timestamp="20211230 15:50:25.710" level="INFO">Clicking link 'xpath=//*[@id="nav-cart"]'.</msg>
<status status="PASS" starttime="20211230 15:50:25.709" endtime="20211230 15:50:27.452"/>
</kw>
<kw name="Wait Until Page Contains" library="SeleniumLibrary">
<arg>Shopping Cart</arg>
<doc>Waits until ``text`` appears on the current page.</doc>
<status status="PASS" starttime="20211230 15:50:27.452" endtime="20211230 15:50:27.478"/>
</kw>
<kw name="Click Button" library="SeleniumLibrary">
<arg>xpath=//*[@id="sc-buy-box-ptc-button"]/span/input</arg>
<doc>Clicks the button identified by ``locator``.</doc>
<msg timestamp="20211230 15:50:27.479" level="INFO">Clicking button 'xpath=//*[@id="sc-buy-box-ptc-button"]/span/input'.</msg>
<status status="PASS" starttime="20211230 15:50:27.478" endtime="20211230 15:50:29.444"/>
</kw>
<kw name="Wait Until Page Contains" library="SeleniumLibrary">
<arg>Sign-In</arg>
<doc>Waits until ``text`` appears on the current page.</doc>
<status status="PASS" starttime="20211230 15:50:29.444" endtime="20211230 15:50:29.492"/>
</kw>
<status status="PASS" starttime="20211230 15:50:25.709" endtime="20211230 15:50:29.492"/>
</kw>
<kw name="End Web Test">
<kw name="Close Browser" library="SeleniumLibrary">
<doc>Closes the current browser.</doc>
<status status="PASS" starttime="20211230 15:50:29.493" endtime="20211230 15:50:31.755"/>
</kw>
<status status="PASS" starttime="20211230 15:50:29.492" endtime="20211230 15:50:31.756"/>
</kw>
<doc>This is some basic info about the test</doc>
<tag>Smoke</tag>
<status status="PASS" starttime="20211230 15:50:14.567" endtime="20211230 15:50:31.758"/>
</test>
<doc>This is some basic info about the whole suite</doc>
<status status="PASS" starttime="20211230 15:50:14.268" endtime="20211230 15:50:31.760"/>
</suite>
<statistics>
<total>
<stat pass="1" fail="0" skip="0">All Tests</stat>
</total>
<tag>
<stat pass="1" fail="0" skip="0">Smoke</stat>
</tag>
<suite>
<stat pass="1" fail="0" skip="0" id="s1" name="Create Keywords For Each Comment">Create Keywords For Each Comment</stat>
</suite>
</statistics>
<errors>
</errors>
</robot>
