<?xml version="1.0" encoding="UTF-8"?>
<robot generator="Robot 4.1.3 (Python 3.8.3 on win32)" generated="20211230 17:06:22.823" rpa="false" schemaversion="2">
<suite id="s1" name="Amazon" source="C:\Users\SEYMA\GitHub\RobotFramework\8_AddingSetUpAndTearDown\tests\amazon.robot">
<kw name="Insert Testing Data" library="Common" type="SETUP">
<kw name="Log" library="BuiltIn">
<arg>I am setting up the test data...</arg>
<doc>Logs the given message with the given level.</doc>
<msg timestamp="20211230 17:06:23.120" level="INFO">I am setting up the test data...</msg>
<status status="PASS" starttime="20211230 17:06:23.120" endtime="20211230 17:06:23.120"/>
</kw>
<status status="PASS" starttime="20211230 17:06:23.119" endtime="20211230 17:06:23.120"/>
</kw>
<test id="s1-t1" name="User can search for product">
<kw name="Begin Web Test" library="Common" type="SETUP">
<kw name="Open Browser" library="SeleniumLibrary">
<arg>about:blank</arg>
<arg>gc</arg>
<doc>Opens a new browser instance to the optional ``url``.</doc>
<msg timestamp="20211230 17:06:23.122" level="INFO">Opening browser 'gc' to base url 'about:blank'.</msg>
<status status="PASS" starttime="20211230 17:06:23.122" endtime="20211230 17:06:24.484"/>
</kw>
<kw name="Maximize Browser Window" library="SeleniumLibrary">
<doc>Maximizes current browser window.</doc>
<status status="PASS" starttime="20211230 17:06:24.485" endtime="20211230 17:06:24.603"/>
</kw>
<status status="PASS" starttime="20211230 17:06:23.122" endtime="20211230 17:06:24.603"/>
</kw>
<kw name="Search for Products" library="AmazonApp">
<kw name="Go To" library="SeleniumLibrary">
<arg>http://www.amazon.com</arg>
<doc>Navigates the current browser window to the provided ``url``.</doc>
<msg timestamp="20211230 17:06:24.604" level="INFO">Opening url 'http://www.amazon.com'</msg>
<status status="PASS" starttime="20211230 17:06:24.604" endtime="20211230 17:06:26.755"/>
</kw>
<kw name="Wait Until Page Contains" library="SeleniumLibrary">
<arg>Hello, Sign in</arg>
<doc>Waits until ``text`` appears on the current page.</doc>
<status status="PASS" starttime="20211230 17:06:26.755" endtime="20211230 17:06:26.838"/>
</kw>
<kw name="Input Text" library="SeleniumLibrary">
<arg>id=twotabsearchtextbox</arg>
<arg>Ferrari 458</arg>
<doc>Types the given ``text`` into the text field identified by ``locator``.</doc>
<msg timestamp="20211230 17:06:26.839" level="INFO">Typing text 'Ferrari 458' into text field 'id=twotabsearchtextbox'.</msg>
<status status="PASS" starttime="20211230 17:06:26.838" endtime="20211230 17:06:27.133"/>
</kw>
<kw name="Click Button" library="SeleniumLibrary">
<arg>xpath=//*[@id="nav-search-submit-button"]</arg>
<doc>Clicks the button identified by ``locator``.</doc>
<msg timestamp="20211230 17:06:27.133" level="INFO">Clicking button 'xpath=//*[@id="nav-search-submit-button"]'.</msg>
<status status="PASS" starttime="20211230 17:06:27.133" endtime="20211230 17:06:29.571"/>
</kw>
<kw name="Wait Until Page Contains" library="SeleniumLibrary">
<arg>results for "Ferrari 458"</arg>
<doc>Waits until ``text`` appears on the current page.</doc>
<status status="PASS" starttime="20211230 17:06:29.571" endtime="20211230 17:06:29.604"/>
</kw>
<status status="PASS" starttime="20211230 17:06:24.604" endtime="20211230 17:06:29.604"/>
</kw>
<kw name="End Web Test" library="Common" type="TEARDOWN">
<kw name="Close Browser" library="SeleniumLibrary">
<doc>Closes the current browser.</doc>
<status status="PASS" starttime="20211230 17:06:29.605" endtime="20211230 17:06:31.844"/>
</kw>
<status status="PASS" starttime="20211230 17:06:29.605" endtime="20211230 17:06:31.845"/>
</kw>
<doc>This is some basic info about the test</doc>
<tag>Smoke</tag>
<status status="PASS" starttime="20211230 17:06:23.120" endtime="20211230 17:06:31.845"/>
</test>
<test id="s1-t2" name="User must sign in to check out">
<kw name="Begin Web Test" library="Common" type="SETUP">
<kw name="Open Browser" library="SeleniumLibrary">
<arg>about:blank</arg>
<arg>gc</arg>
<doc>Opens a new browser instance to the optional ``url``.</doc>
<msg timestamp="20211230 17:06:31.850" level="INFO">Opening browser 'gc' to base url 'about:blank'.</msg>
<status status="PASS" starttime="20211230 17:06:31.849" endtime="20211230 17:06:33.239"/>
</kw>
<kw name="Maximize Browser Window" library="SeleniumLibrary">
<doc>Maximizes current browser window.</doc>
<status status="PASS" starttime="20211230 17:06:33.239" endtime="20211230 17:06:33.363"/>
</kw>
<status status="PASS" starttime="20211230 17:06:31.849" endtime="20211230 17:06:33.363"/>
</kw>
<kw name="Search for Products" library="AmazonApp">
<kw name="Go To" library="SeleniumLibrary">
<arg>http://www.amazon.com</arg>
<doc>Navigates the current browser window to the provided ``url``.</doc>
<msg timestamp="20211230 17:06:33.364" level="INFO">Opening url 'http://www.amazon.com'</msg>
<status status="PASS" starttime="20211230 17:06:33.364" endtime="20211230 17:06:35.304"/>
</kw>
<kw name="Wait Until Page Contains" library="SeleniumLibrary">
<arg>Hello, Sign in</arg>
<doc>Waits until ``text`` appears on the current page.</doc>
<status status="PASS" starttime="20211230 17:06:35.305" endtime="20211230 17:06:35.369"/>
</kw>
<kw name="Input Text" library="SeleniumLibrary">
<arg>id=twotabsearchtextbox</arg>
<arg>Ferrari 458</arg>
<doc>Types the given ``text`` into the text field identified by ``locator``.</doc>
<msg timestamp="20211230 17:06:35.369" level="INFO">Typing text 'Ferrari 458' into text field 'id=twotabsearchtextbox'.</msg>
<status status="PASS" starttime="20211230 17:06:35.369" endtime="20211230 17:06:35.594"/>
</kw>
<kw name="Click Button" library="SeleniumLibrary">
<arg>xpath=//*[@id="nav-search-submit-button"]</arg>
<doc>Clicks the button identified by ``locator``.</doc>
<msg timestamp="20211230 17:06:35.595" level="INFO">Clicking button 'xpath=//*[@id="nav-search-submit-button"]'.</msg>
<status status="PASS" starttime="20211230 17:06:35.594" endtime="20211230 17:06:38.179"/>
</kw>
<kw name="Wait Until Page Contains" library="SeleniumLibrary">
<arg>results for "Ferrari 458"</arg>
<doc>Waits until ``text`` appears on the current page.</doc>
<status status="PASS" starttime="20211230 17:06:38.179" endtime="20211230 17:06:38.247"/>
</kw>
<status status="PASS" starttime="20211230 17:06:33.364" endtime="20211230 17:06:38.247"/>
</kw>
<kw name="Select Product from Search Results" library="AmazonApp">
<kw name="Click Link" library="SeleniumLibrary">
<arg>xpath=//*[@id="search"]/div[1]/div[1]/div/span[3]/div[2]/div[3]/div/span/div/div/div[2]/div[1]/h2/a</arg>
<doc>Clicks a link identified by ``locator``.</doc>
<msg timestamp="20211230 17:06:38.248" level="INFO">Clicking link 'xpath=//*[@id="search"]/div[1]/div[1]/div/span[3]/div[2]/div[3]/div/span/div/div/div[2]/div[1]/h2/a'.</msg>
<status status="PASS" starttime="20211230 17:06:38.248" endtime="20211230 17:06:41.460"/>
</kw>
<kw name="Wait Until Page Contains" library="SeleniumLibrary">
<arg>Back to results</arg>
<doc>Waits until ``text`` appears on the current page.</doc>
<status status="PASS" starttime="20211230 17:06:41.460" endtime="20211230 17:06:41.531"/>
</kw>
<status status="PASS" starttime="20211230 17:06:38.248" endtime="20211230 17:06:41.531"/>
</kw>
<kw name="Add Product to Cart" library="AmazonApp">
<kw name="Click Button" library="SeleniumLibrary">
<arg>xpath=//*[@id="add-to-cart-button"]</arg>
<doc>Clicks the button identified by ``locator``.</doc>
<msg timestamp="20211230 17:06:41.533" level="INFO">Clicking button 'xpath=//*[@id="add-to-cart-button"]'.</msg>
<status status="PASS" starttime="20211230 17:06:41.532" endtime="20211230 17:06:42.965"/>
</kw>
<kw name="Wait Until Page Contains" library="SeleniumLibrary">
<arg>Added to Cart</arg>
<doc>Waits until ``text`` appears on the current page.</doc>
<status status="PASS" starttime="20211230 17:06:42.965" endtime="20211230 17:06:43.056"/>
</kw>
<status status="PASS" starttime="20211230 17:06:41.532" endtime="20211230 17:06:43.057"/>
</kw>
<kw name="Begin Checkout" library="AmazonApp">
<kw name="Click Link" library="SeleniumLibrary">
<arg>xpath=//*[@id="nav-cart"]</arg>
<doc>Clicks a link identified by ``locator``.</doc>
<msg timestamp="20211230 17:06:43.058" level="INFO">Clicking link 'xpath=//*[@id="nav-cart"]'.</msg>
<status status="PASS" starttime="20211230 17:06:43.057" endtime="20211230 17:06:44.513"/>
</kw>
<kw name="Wait Until Page Contains" library="SeleniumLibrary">
<arg>Shopping Cart</arg>
<doc>Waits until ``text`` appears on the current page.</doc>
<status status="PASS" starttime="20211230 17:06:44.513" endtime="20211230 17:06:44.533"/>
</kw>
<kw name="Click Button" library="SeleniumLibrary">
<arg>xpath=//*[@id="sc-buy-box-ptc-button"]/span/input</arg>
<doc>Clicks the button identified by ``locator``.</doc>
<msg timestamp="20211230 17:06:44.533" level="INFO">Clicking button 'xpath=//*[@id="sc-buy-box-ptc-button"]/span/input'.</msg>
<status status="PASS" starttime="20211230 17:06:44.533" endtime="20211230 17:06:45.908"/>
</kw>
<kw name="Wait Until Page Contains" library="SeleniumLibrary">
<arg>Sign-In</arg>
<doc>Waits until ``text`` appears on the current page.</doc>
<status status="PASS" starttime="20211230 17:06:45.909" endtime="20211230 17:06:45.958"/>
</kw>
<status status="PASS" starttime="20211230 17:06:43.057" endtime="20211230 17:06:45.959"/>
</kw>
<kw name="End Web Test" library="Common" type="TEARDOWN">
<kw name="Close Browser" library="SeleniumLibrary">
<doc>Closes the current browser.</doc>
<status status="PASS" starttime="20211230 17:06:45.960" endtime="20211230 17:06:48.206"/>
</kw>
<status status="PASS" starttime="20211230 17:06:45.959" endtime="20211230 17:06:48.206"/>
</kw>
<doc>This is some basic info about the test</doc>
<tag>Smoke</tag>
<status status="PASS" starttime="20211230 17:06:31.848" endtime="20211230 17:06:48.207"/>
</test>
<kw name="Cleanup Testing Data" library="Common" type="TEARDOWN">
<kw name="Log" library="BuiltIn">
<arg>I am cleaning up the test data...</arg>
<doc>Logs the given message with the given level.</doc>
<msg timestamp="20211230 17:06:48.209" level="INFO">I am cleaning up the test data...</msg>
<status status="PASS" starttime="20211230 17:06:48.209" endtime="20211230 17:06:48.209"/>
</kw>
<status status="PASS" starttime="20211230 17:06:48.209" endtime="20211230 17:06:48.210"/>
</kw>
<doc>This is some basic info about the whole suite</doc>
<status status="PASS" starttime="20211230 17:06:22.826" endtime="20211230 17:06:48.210"/>
</suite>
<statistics>
<total>
<stat pass="2" fail="0" skip="0">All Tests</stat>
</total>
<tag>
<stat pass="2" fail="0" skip="0">Smoke</stat>
</tag>
<suite>
<stat pass="2" fail="0" skip="0" id="s1" name="Amazon">Amazon</stat>
</suite>
</statistics>
<errors>
</errors>
</robot>
