<?xml version="1.0" encoding="UTF-8"?>
<robot generator="Robot 4.1.3 (Python 3.8.3 on win32)" generated="20220103 11:55:01.009" rpa="false" schemaversion="2">
<suite id="s1" name="Tests" source="C:\Users\SEYMA\GitHub\RobotFramework\14_ModifyOurProjectWithVariables\tests">
<suite id="s1-s1" name="Amazon" source="C:\Users\SEYMA\GitHub\RobotFramework\14_ModifyOurProjectWithVariables\tests\Amazon.robot">
<test id="s1-s1-t1" name="User must sign in to check out">
<kw name="Begin Web Test" library="Common" type="SETUP">
<kw name="Open Browser" library="SeleniumLibrary">
<arg>about:blank</arg>
<arg>${BROWSER}</arg>
<doc>Opens a new browser instance to the optional ``url``.</doc>
<msg timestamp="20220103 11:55:01.278" level="INFO">Opening browser 'gc' to base url 'about:blank'.</msg>
<status status="PASS" starttime="20220103 11:55:01.277" endtime="20220103 11:55:02.712"/>
</kw>
<kw name="Maximize Browser Window" library="SeleniumLibrary">
<doc>Maximizes current browser window.</doc>
<status status="PASS" starttime="20220103 11:55:02.712" endtime="20220103 11:55:02.840"/>
</kw>
<status status="PASS" starttime="20220103 11:55:01.277" endtime="20220103 11:55:02.841"/>
</kw>
<kw name="Search for Products" library="AmazonApp">
<kw name="Load" library="LandingPage">
<kw name="Go To" library="SeleniumLibrary">
<arg>${START_URL}</arg>
<doc>Navigates the current browser window to the provided ``url``.</doc>
<msg timestamp="20220103 11:55:02.844" level="INFO">Opening url 'https://www.amazon.com'</msg>
<status status="PASS" starttime="20220103 11:55:02.844" endtime="20220103 11:55:04.934"/>
</kw>
<status status="PASS" starttime="20220103 11:55:02.843" endtime="20220103 11:55:04.934"/>
</kw>
<kw name="Verify Page Loaded" library="LandingPage">
<kw name="Wait Until Page Contains" library="SeleniumLibrary">
<arg>Hello, Sign in</arg>
<doc>Waits until ``text`` appears on the current page.</doc>
<status status="PASS" starttime="20220103 11:55:04.935" endtime="20220103 11:55:05.012"/>
</kw>
<status status="PASS" starttime="20220103 11:55:04.935" endtime="20220103 11:55:05.012"/>
</kw>
<kw name="Enter Search Term" library="TopNav">
<kw name="Input Text" library="SeleniumLibrary">
<arg>id=twotabsearchtextbox</arg>
<arg>${SEARCH_TERM}</arg>
<doc>Types the given ``text`` into the text field identified by ``locator``.</doc>
<msg timestamp="20220103 11:55:05.014" level="INFO">Typing text 'Lamborghini Gallardo' into text field 'id=twotabsearchtextbox'.</msg>
<status status="PASS" starttime="20220103 11:55:05.013" endtime="20220103 11:55:05.283"/>
</kw>
<status status="PASS" starttime="20220103 11:55:05.013" endtime="20220103 11:55:05.283"/>
</kw>
<kw name="Submit Search" library="TopNav">
<kw name="Click Button" library="SeleniumLibrary">
<arg>xpath=//*[@id="nav-search-submit-button"]</arg>
<doc>Clicks the button identified by ``locator``.</doc>
<msg timestamp="20220103 11:55:05.284" level="INFO">Clicking button 'xpath=//*[@id="nav-search-submit-button"]'.</msg>
<status status="PASS" starttime="20220103 11:55:05.284" endtime="20220103 11:55:07.145"/>
</kw>
<status status="PASS" starttime="20220103 11:55:05.284" endtime="20220103 11:55:07.146"/>
</kw>
<kw name="Verify Search" library="SearchResults">
<kw name="Wait Until Page Contains" library="SeleniumLibrary">
<arg>results for "${SEARCH_TERM}"</arg>
<doc>Waits until ``text`` appears on the current page.</doc>
<status status="PASS" starttime="20220103 11:55:07.146" endtime="20220103 11:55:07.205"/>
</kw>
<status status="PASS" starttime="20220103 11:55:07.146" endtime="20220103 11:55:07.205"/>
</kw>
<status status="PASS" starttime="20220103 11:55:02.843" endtime="20220103 11:55:07.205"/>
</kw>
<kw name="Select Product from Search Results" library="AmazonApp">
<kw name="Click Product Link" library="SearchResults">
<kw name="Click Link" library="SeleniumLibrary">
<arg>xpath=//*[@id="search"]/div[1]/div[1]/div/span[3]/div[2]/div[3]/div/span/div/div/div[2]/div[1]/h2/a</arg>
<doc>Clicks a link identified by ``locator``.</doc>
<msg timestamp="20220103 11:55:07.207" level="INFO">Clicking link 'xpath=//*[@id="search"]/div[1]/div[1]/div/span[3]/div[2]/div[3]/div/span/div/div/div[2]/div[1]/h2/a'.</msg>
<status status="PASS" starttime="20220103 11:55:07.206" endtime="20220103 11:55:10.140"/>
</kw>
<status status="PASS" starttime="20220103 11:55:07.206" endtime="20220103 11:55:10.140"/>
</kw>
<kw name="Check Page Loaded" library="Product">
<kw name="Wait Until Page Contains" library="SeleniumLibrary">
<arg>Back to results</arg>
<doc>Waits until ``text`` appears on the current page.</doc>
<status status="PASS" starttime="20220103 11:55:10.140" endtime="20220103 11:55:10.205"/>
</kw>
<status status="PASS" starttime="20220103 11:55:10.140" endtime="20220103 11:55:10.205"/>
</kw>
<status status="PASS" starttime="20220103 11:55:07.206" endtime="20220103 11:55:10.205"/>
</kw>
<kw name="Add Product to Cart" library="AmazonApp">
<kw name="Add to Cart" library="Product">
<kw name="Click Button" library="SeleniumLibrary">
<arg>xpath=//*[@id="add-to-cart-button"]</arg>
<doc>Clicks the button identified by ``locator``.</doc>
<msg timestamp="20220103 11:55:10.206" level="INFO">Clicking button 'xpath=//*[@id="add-to-cart-button"]'.</msg>
<status status="PASS" starttime="20220103 11:55:10.206" endtime="20220103 11:55:11.706"/>
</kw>
<status status="PASS" starttime="20220103 11:55:10.206" endtime="20220103 11:55:11.706"/>
</kw>
<kw name="Verify Product Added" library="Cart">
<kw name="Wait Until Page Contains" library="SeleniumLibrary">
<arg>Added to Cart</arg>
<doc>Waits until ``text`` appears on the current page.</doc>
<status status="PASS" starttime="20220103 11:55:11.707" endtime="20220103 11:55:11.743"/>
</kw>
<status status="PASS" starttime="20220103 11:55:11.706" endtime="20220103 11:55:11.743"/>
</kw>
<status status="PASS" starttime="20220103 11:55:10.205" endtime="20220103 11:55:11.744"/>
</kw>
<kw name="Begin Checkout" library="AmazonApp">
<kw name="Proceed" library="Cart">
<kw name="Click Link" library="SeleniumLibrary">
<arg>xpath=//*[@id="nav-cart"]</arg>
<doc>Clicks a link identified by ``locator``.</doc>
<msg timestamp="20220103 11:55:11.745" level="INFO">Clicking link 'xpath=//*[@id="nav-cart"]'.</msg>
<status status="PASS" starttime="20220103 11:55:11.745" endtime="20220103 11:55:13.175"/>
</kw>
<status status="PASS" starttime="20220103 11:55:11.745" endtime="20220103 11:55:13.175"/>
</kw>
<kw name="Check Page" library="Cart">
<kw name="Wait Until Page Contains" library="SeleniumLibrary">
<arg>Shopping Cart</arg>
<doc>Waits until ``text`` appears on the current page.</doc>
<status status="PASS" starttime="20220103 11:55:13.176" endtime="20220103 11:55:13.204"/>
</kw>
<status status="PASS" starttime="20220103 11:55:13.175" endtime="20220103 11:55:13.205"/>
</kw>
<kw name="Clicking Checkout Button" library="Cart">
<kw name="Click Button" library="SeleniumLibrary">
<arg>xpath=//*[@id="sc-buy-box-ptc-button"]/span/input</arg>
<doc>Clicks the button identified by ``locator``.</doc>
<msg timestamp="20220103 11:55:13.205" level="INFO">Clicking button 'xpath=//*[@id="sc-buy-box-ptc-button"]/span/input'.</msg>
<status status="PASS" starttime="20220103 11:55:13.205" endtime="20220103 11:55:14.552"/>
</kw>
<status status="PASS" starttime="20220103 11:55:13.205" endtime="20220103 11:55:14.552"/>
</kw>
<kw name="Check Page Contains" library="SignIn">
<kw name="Wait Until Page Contains" library="SeleniumLibrary">
<arg>Sign-In</arg>
<doc>Waits until ``text`` appears on the current page.</doc>
<status status="PASS" starttime="20220103 11:55:14.553" endtime="20220103 11:55:14.597"/>
</kw>
<status status="PASS" starttime="20220103 11:55:14.552" endtime="20220103 11:55:14.598"/>
</kw>
<status status="PASS" starttime="20220103 11:55:11.744" endtime="20220103 11:55:14.598"/>
</kw>
<kw name="End Web Test" library="Common" type="TEARDOWN">
<kw name="Close Browser" library="SeleniumLibrary">
<doc>Closes the current browser.</doc>
<status status="PASS" starttime="20220103 11:55:14.599" endtime="20220103 11:55:16.802"/>
</kw>
<status status="PASS" starttime="20220103 11:55:14.599" endtime="20220103 11:55:16.803"/>
</kw>
<doc>This is some basic info about the test</doc>
<tag>Smoke</tag>
<status status="PASS" starttime="20220103 11:55:01.275" endtime="20220103 11:55:16.804"/>
</test>
<doc>This is some basic info about the whole suite</doc>
<status status="PASS" starttime="20220103 11:55:01.040" endtime="20220103 11:55:16.809"/>
</suite>
<status status="PASS" starttime="20220103 11:55:01.011" endtime="20220103 11:55:16.816"/>
</suite>
<statistics>
<total>
<stat pass="1" fail="0" skip="0">All Tests</stat>
</total>
<tag>
<stat pass="1" fail="0" skip="0">Smoke</stat>
</tag>
<suite>
<stat pass="1" fail="0" skip="0" id="s1" name="Tests">Tests</stat>
<stat pass="1" fail="0" skip="0" id="s1-s1" name="Amazon">Tests.Amazon</stat>
</suite>
</statistics>
<errors>
</errors>
</robot>
