<?xml version="1.0" encoding="UTF-8"?>
<robot generator="Robot 4.1.3 (Python 3.8.3 on win32)" generated="20220104 14:27:20.665" rpa="false" schemaversion="2">
<suite id="s1" name="Tests" source="C:\Users\SEYMA\GitHub\RobotFramework\14_ModifyOurProjectWithVariables\tests">
<suite id="s1-s1" name="Amazon" source="C:\Users\SEYMA\GitHub\RobotFramework\14_ModifyOurProjectWithVariables\tests\Amazon.robot">
<test id="s1-s1-t1" name="User must sign in to check out">
<kw name="Begin Web Test" library="Common" type="SETUP">
<kw name="Open Browser" library="SeleniumLibrary">
<arg>about:blank</arg>
<arg>${BROWSER}</arg>
<doc>Opens a new browser instance to the optional ``url``.</doc>
<msg timestamp="20220104 14:27:20.948" level="INFO">Opening browser 'gc' to base url 'about:blank'.</msg>
<status status="PASS" starttime="20220104 14:27:20.948" endtime="20220104 14:27:22.362"/>
</kw>
<kw name="Maximize Browser Window" library="SeleniumLibrary">
<doc>Maximizes current browser window.</doc>
<status status="PASS" starttime="20220104 14:27:22.362" endtime="20220104 14:27:22.477"/>
</kw>
<status status="PASS" starttime="20220104 14:27:20.948" endtime="20220104 14:27:22.477"/>
</kw>
<kw name="Search for Products" library="AmazonApp">
<kw name="Load" library="LandingPage">
<kw name="Go To" library="SeleniumLibrary">
<arg>${START_URL}</arg>
<doc>Navigates the current browser window to the provided ``url``.</doc>
<msg timestamp="20220104 14:27:22.480" level="INFO">Opening url 'https://www.amazon.com'</msg>
<status status="PASS" starttime="20220104 14:27:22.479" endtime="20220104 14:27:24.206"/>
</kw>
<status status="PASS" starttime="20220104 14:27:22.479" endtime="20220104 14:27:24.207"/>
</kw>
<kw name="Verify Page Loaded" library="LandingPage">
<kw name="Wait Until Page Contains" library="SeleniumLibrary">
<arg>Hello, Sign in</arg>
<doc>Waits until ``text`` appears on the current page.</doc>
<status status="PASS" starttime="20220104 14:27:24.207" endtime="20220104 14:27:24.260"/>
</kw>
<status status="PASS" starttime="20220104 14:27:24.207" endtime="20220104 14:27:24.260"/>
</kw>
<kw name="Enter Search Term" library="TopNav">
<kw name="Input Text" library="SeleniumLibrary">
<arg>id=twotabsearchtextbox</arg>
<arg>${SEARCH_TERM}</arg>
<doc>Types the given ``text`` into the text field identified by ``locator``.</doc>
<msg timestamp="20220104 14:27:24.261" level="INFO">Typing text 'Lamborghini Gallardo' into text field 'id=twotabsearchtextbox'.</msg>
<status status="PASS" starttime="20220104 14:27:24.261" endtime="20220104 14:27:24.524"/>
</kw>
<status status="PASS" starttime="20220104 14:27:24.260" endtime="20220104 14:27:24.525"/>
</kw>
<kw name="Submit Search" library="TopNav">
<kw name="Click Button" library="SeleniumLibrary">
<arg>xpath=//*[@id="nav-search-submit-button"]</arg>
<doc>Clicks the button identified by ``locator``.</doc>
<msg timestamp="20220104 14:27:24.526" level="INFO">Clicking button 'xpath=//*[@id="nav-search-submit-button"]'.</msg>
<status status="PASS" starttime="20220104 14:27:24.525" endtime="20220104 14:27:26.982"/>
</kw>
<status status="PASS" starttime="20220104 14:27:24.525" endtime="20220104 14:27:26.982"/>
</kw>
<kw name="Verify Search" library="SearchResults">
<kw name="Wait Until Page Contains" library="SeleniumLibrary">
<arg>results for "${SEARCH_TERM}"</arg>
<doc>Waits until ``text`` appears on the current page.</doc>
<status status="PASS" starttime="20220104 14:27:26.983" endtime="20220104 14:27:27.054"/>
</kw>
<status status="PASS" starttime="20220104 14:27:26.982" endtime="20220104 14:27:27.054"/>
</kw>
<status status="PASS" starttime="20220104 14:27:22.478" endtime="20220104 14:27:27.054"/>
</kw>
<kw name="Select Product from Search Results" library="AmazonApp">
<kw name="Click Product Link" library="SearchResults">
<kw name="Click Link" library="SeleniumLibrary">
<arg>xpath=//*[@id="search"]/div[1]/div[1]/div/span[3]/div[2]/div[3]/div/span/div/div/div[2]/div[1]/h2/a</arg>
<doc>Clicks a link identified by ``locator``.</doc>
<msg timestamp="20220104 14:27:27.056" level="INFO">Clicking link 'xpath=//*[@id="search"]/div[1]/div[1]/div/span[3]/div[2]/div[3]/div/span/div/div/div[2]/div[1]/h2/a'.</msg>
<status status="PASS" starttime="20220104 14:27:27.056" endtime="20220104 14:27:29.716"/>
</kw>
<status status="PASS" starttime="20220104 14:27:27.055" endtime="20220104 14:27:29.716"/>
</kw>
<kw name="Check Page Loaded" library="Product">
<kw name="Wait Until Page Contains" library="SeleniumLibrary">
<arg>Back to results</arg>
<doc>Waits until ``text`` appears on the current page.</doc>
<status status="PASS" starttime="20220104 14:27:29.717" endtime="20220104 14:27:29.779"/>
</kw>
<status status="PASS" starttime="20220104 14:27:29.716" endtime="20220104 14:27:29.779"/>
</kw>
<status status="PASS" starttime="20220104 14:27:27.055" endtime="20220104 14:27:29.779"/>
</kw>
<kw name="Add Product to Cart" library="AmazonApp">
<kw name="Add to Cart" library="Product">
<kw name="Click Button" library="SeleniumLibrary">
<arg>xpath=//*[@id="add-to-cart-button"]</arg>
<doc>Clicks the button identified by ``locator``.</doc>
<msg timestamp="20220104 14:27:29.781" level="INFO">Clicking button 'xpath=//*[@id="add-to-cart-button"]'.</msg>
<status status="PASS" starttime="20220104 14:27:29.781" endtime="20220104 14:27:31.309"/>
</kw>
<status status="PASS" starttime="20220104 14:27:29.780" endtime="20220104 14:27:31.310"/>
</kw>
<kw name="Verify Product Added" library="Cart">
<kw name="Wait Until Page Contains" library="SeleniumLibrary">
<arg>Added to Cart</arg>
<doc>Waits until ``text`` appears on the current page.</doc>
<status status="PASS" starttime="20220104 14:27:31.310" endtime="20220104 14:27:31.366"/>
</kw>
<status status="PASS" starttime="20220104 14:27:31.310" endtime="20220104 14:27:31.366"/>
</kw>
<status status="PASS" starttime="20220104 14:27:29.780" endtime="20220104 14:27:31.367"/>
</kw>
<kw name="Begin Checkout" library="AmazonApp">
<kw name="Proceed" library="Cart">
<kw name="Click Link" library="SeleniumLibrary">
<arg>xpath=//*[@id="nav-cart"]</arg>
<doc>Clicks a link identified by ``locator``.</doc>
<msg timestamp="20220104 14:27:31.368" level="INFO">Clicking link 'xpath=//*[@id="nav-cart"]'.</msg>
<status status="PASS" starttime="20220104 14:27:31.368" endtime="20220104 14:27:33.216"/>
</kw>
<status status="PASS" starttime="20220104 14:27:31.368" endtime="20220104 14:27:33.217"/>
</kw>
<kw name="Check Page" library="Cart">
<kw name="Wait Until Page Contains" library="SeleniumLibrary">
<arg>Shopping Cart</arg>
<doc>Waits until ``text`` appears on the current page.</doc>
<status status="PASS" starttime="20220104 14:27:33.217" endtime="20220104 14:27:33.292"/>
</kw>
<status status="PASS" starttime="20220104 14:27:33.217" endtime="20220104 14:27:33.292"/>
</kw>
<kw name="Clicking Checkout Button" library="Cart">
<kw name="Click Button" library="SeleniumLibrary">
<arg>xpath=//*[@id="sc-buy-box-ptc-button"]/span/input</arg>
<doc>Clicks the button identified by ``locator``.</doc>
<msg timestamp="20220104 14:27:33.293" level="INFO">Clicking button 'xpath=//*[@id="sc-buy-box-ptc-button"]/span/input'.</msg>
<status status="PASS" starttime="20220104 14:27:33.293" endtime="20220104 14:27:34.829"/>
</kw>
<status status="PASS" starttime="20220104 14:27:33.292" endtime="20220104 14:27:34.829"/>
</kw>
<kw name="Check Page Contains" library="SignIn">
<kw name="Wait Until Page Contains" library="SeleniumLibrary">
<arg>Sign-In</arg>
<doc>Waits until ``text`` appears on the current page.</doc>
<status status="PASS" starttime="20220104 14:27:34.830" endtime="20220104 14:27:34.859"/>
</kw>
<status status="PASS" starttime="20220104 14:27:34.829" endtime="20220104 14:27:34.860"/>
</kw>
<status status="PASS" starttime="20220104 14:27:31.367" endtime="20220104 14:27:34.860"/>
</kw>
<kw name="End Web Test" library="Common" type="TEARDOWN">
<kw name="Close Browser" library="SeleniumLibrary">
<doc>Closes the current browser.</doc>
<status status="PASS" starttime="20220104 14:27:34.861" endtime="20220104 14:27:37.094"/>
</kw>
<status status="PASS" starttime="20220104 14:27:34.861" endtime="20220104 14:27:37.095"/>
</kw>
<doc>This is some basic info about the test</doc>
<tag>Smoke</tag>
<status status="PASS" starttime="20220104 14:27:20.947" endtime="20220104 14:27:37.095"/>
</test>
<doc>This is some basic info about the whole suite</doc>
<status status="PASS" starttime="20220104 14:27:20.702" endtime="20220104 14:27:37.101"/>
</suite>
<status status="PASS" starttime="20220104 14:27:20.667" endtime="20220104 14:27:37.108"/>
</suite>
<statistics>
<total>
<stat pass="1" fail="0" skip="0">All Tests</stat>
</total>
<tag>
<stat pass="1" fail="0" skip="0">Smoke</stat>
</tag>
<suite>
<stat pass="1" fail="0" skip="0" id="s1" name="Tests">Tests</stat>
<stat pass="1" fail="0" skip="0" id="s1-s1" name="Amazon">Tests.Amazon</stat>
</suite>
</statistics>
<errors>
</errors>
</robot>
