<?xml version="1.0" encoding="UTF-8"?>
<robot generator="Robot 4.1.3 (Python 3.8.3 on win32)" generated="20220103 15:13:19.719" rpa="false" schemaversion="2">
<suite id="s1" name="Tests" source="C:\Users\SEYMA\GitHub\RobotFramework\14_ModifyOurProjectWithVariables\tests">
<suite id="s1-s1" name="Amazon" source="C:\Users\SEYMA\GitHub\RobotFramework\14_ModifyOurProjectWithVariables\tests\Amazon.robot">
<test id="s1-s1-t1" name="User must sign in to check out">
<kw name="Begin Web Test" library="Common" type="SETUP">
<kw name="Open Browser" library="SeleniumLibrary">
<arg>about:blank</arg>
<arg>${BROWSER}</arg>
<doc>Opens a new browser instance to the optional ``url``.</doc>
<msg timestamp="20220103 15:13:20.040" level="INFO">Opening browser 'gc' to base url 'about:blank'.</msg>
<status status="PASS" starttime="20220103 15:13:20.040" endtime="20220103 15:13:21.434"/>
</kw>
<kw name="Maximize Browser Window" library="SeleniumLibrary">
<doc>Maximizes current browser window.</doc>
<status status="PASS" starttime="20220103 15:13:21.434" endtime="20220103 15:13:21.564"/>
</kw>
<status status="PASS" starttime="20220103 15:13:20.039" endtime="20220103 15:13:21.564"/>
</kw>
<kw name="Search for Products" library="AmazonApp">
<kw name="Load" library="LandingPage">
<kw name="Go To" library="SeleniumLibrary">
<arg>${START_URL}</arg>
<doc>Navigates the current browser window to the provided ``url``.</doc>
<msg timestamp="20220103 15:13:21.566" level="INFO">Opening url 'https://www.amazon.com'</msg>
<status status="PASS" starttime="20220103 15:13:21.566" endtime="20220103 15:13:23.794"/>
</kw>
<status status="PASS" starttime="20220103 15:13:21.565" endtime="20220103 15:13:23.795"/>
</kw>
<kw name="Verify Page Loaded" library="LandingPage">
<kw name="Wait Until Page Contains" library="SeleniumLibrary">
<arg>Hello, Sign in</arg>
<doc>Waits until ``text`` appears on the current page.</doc>
<status status="PASS" starttime="20220103 15:13:23.797" endtime="20220103 15:13:23.907"/>
</kw>
<status status="PASS" starttime="20220103 15:13:23.795" endtime="20220103 15:13:23.907"/>
</kw>
<kw name="Enter Search Term" library="TopNav">
<kw name="Input Text" library="SeleniumLibrary">
<arg>id=twotabsearchtextbox</arg>
<arg>${SEARCH_TERM}</arg>
<doc>Types the given ``text`` into the text field identified by ``locator``.</doc>
<msg timestamp="20220103 15:13:23.908" level="INFO">Typing text 'Lamborghini Gallardo' into text field 'id=twotabsearchtextbox'.</msg>
<status status="PASS" starttime="20220103 15:13:23.908" endtime="20220103 15:13:24.178"/>
</kw>
<status status="PASS" starttime="20220103 15:13:23.907" endtime="20220103 15:13:24.178"/>
</kw>
<kw name="Submit Search" library="TopNav">
<kw name="Click Button" library="SeleniumLibrary">
<arg>xpath=//*[@id="nav-search-submit-button"]</arg>
<doc>Clicks the button identified by ``locator``.</doc>
<msg timestamp="20220103 15:13:24.181" level="INFO">Clicking button 'xpath=//*[@id="nav-search-submit-button"]'.</msg>
<status status="PASS" starttime="20220103 15:13:24.180" endtime="20220103 15:13:26.206"/>
</kw>
<status status="PASS" starttime="20220103 15:13:24.178" endtime="20220103 15:13:26.206"/>
</kw>
<kw name="Verify Search" library="SearchResults">
<kw name="Wait Until Page Contains" library="SeleniumLibrary">
<arg>results for "${SEARCH_TERM}"</arg>
<doc>Waits until ``text`` appears on the current page.</doc>
<status status="PASS" starttime="20220103 15:13:26.206" endtime="20220103 15:13:26.372"/>
</kw>
<status status="PASS" starttime="20220103 15:13:26.206" endtime="20220103 15:13:26.372"/>
</kw>
<status status="PASS" starttime="20220103 15:13:21.565" endtime="20220103 15:13:26.372"/>
</kw>
<kw name="Select Product from Search Results" library="AmazonApp">
<kw name="Click Product Link" library="SearchResults">
<kw name="Click Link" library="SeleniumLibrary">
<arg>xpath=//*[@id="search"]/div[1]/div[1]/div/span[3]/div[2]/div[3]/div/span/div/div/div[2]/div[1]/h2/a</arg>
<doc>Clicks a link identified by ``locator``.</doc>
<msg timestamp="20220103 15:13:26.375" level="INFO">Clicking link 'xpath=//*[@id="search"]/div[1]/div[1]/div/span[3]/div[2]/div[3]/div/span/div/div/div[2]/div[1]/h2/a'.</msg>
<kw name="Capture Page Screenshot" library="SeleniumLibrary">
<doc>Takes a screenshot of the current page and embeds it into a log file.</doc>
<msg timestamp="20220103 15:13:26.879" level="INFO" html="true">&lt;/td&gt;&lt;/tr&gt;&lt;tr&gt;&lt;td colspan="3"&gt;&lt;a href="selenium-screenshot-8.png"&gt;&lt;img src="selenium-screenshot-8.png" width="800px"&gt;&lt;/a&gt;</msg>
<status status="PASS" starttime="20220103 15:13:26.393" endtime="20220103 15:13:26.879"/>
</kw>
<msg timestamp="20220103 15:13:26.882" level="FAIL">Link with locator 'xpath=//*[@id="search"]/div[1]/div[1]/div/span[3]/div[2]/div[3]/div/span/div/div/div[2]/div[1]/h2/a' not found.</msg>
<status status="FAIL" starttime="20220103 15:13:26.374" endtime="20220103 15:13:26.882"/>
</kw>
<status status="FAIL" starttime="20220103 15:13:26.374" endtime="20220103 15:13:26.883"/>
</kw>
<kw name="Check Page Loaded" library="Product">
<status status="NOT RUN" starttime="20220103 15:13:26.884" endtime="20220103 15:13:26.884"/>
</kw>
<status status="FAIL" starttime="20220103 15:13:26.374" endtime="20220103 15:13:26.884"/>
</kw>
<kw name="Add Product to Cart" library="AmazonApp">
<status status="NOT RUN" starttime="20220103 15:13:26.885" endtime="20220103 15:13:26.885"/>
</kw>
<kw name="Begin Checkout" library="AmazonApp">
<status status="NOT RUN" starttime="20220103 15:13:26.885" endtime="20220103 15:13:26.885"/>
</kw>
<kw name="End Web Test" library="Common" type="TEARDOWN">
<kw name="Close Browser" library="SeleniumLibrary">
<doc>Closes the current browser.</doc>
<status status="PASS" starttime="20220103 15:13:26.886" endtime="20220103 15:13:29.078"/>
</kw>
<status status="PASS" starttime="20220103 15:13:26.885" endtime="20220103 15:13:29.078"/>
</kw>
<doc>This is some basic info about the test</doc>
<tag>Smoke</tag>
<status status="FAIL" starttime="20220103 15:13:20.038" endtime="20220103 15:13:29.079">Link with locator 'xpath=//*[@id="search"]/div[1]/div[1]/div/span[3]/div[2]/div[3]/div/span/div/div/div[2]/div[1]/h2/a' not found.</status>
</test>
<doc>This is some basic info about the whole suite</doc>
<status status="FAIL" starttime="20220103 15:13:19.756" endtime="20220103 15:13:29.083"/>
</suite>
<status status="FAIL" starttime="20220103 15:13:19.721" endtime="20220103 15:13:29.087"/>
</suite>
<statistics>
<total>
<stat pass="0" fail="1" skip="0">All Tests</stat>
</total>
<tag>
<stat pass="0" fail="1" skip="0">Smoke</stat>
</tag>
<suite>
<stat pass="0" fail="1" skip="0" id="s1" name="Tests">Tests</stat>
<stat pass="0" fail="1" skip="0" id="s1-s1" name="Amazon">Tests.Amazon</stat>
</suite>
</statistics>
<errors>
</errors>
</robot>
