<?xml version="1.0" encoding="UTF-8"?>
<robot generator="Robot 4.1.3 (Python 3.8.3 on win32)" generated="20220104 14:20:04.756" rpa="false" schemaversion="2">
<suite id="s1" name="Tests" source="C:\Users\SEYMA\GitHub\RobotFramework\17_ScriptingChallange\tests">
<suite id="s1-s1" name="Front Office" source="C:\Users\SEYMA\GitHub\RobotFramework\17_ScriptingChallange\tests\Front_Office.robot">
<test id="s1-s1-t1" name="The user should be able to access &quot;Team&quot; page">
<kw name="Begin Web Test" library="Common" type="SETUP">
<kw name="Open Browser" library="SeleniumLibrary">
<arg>about:blank</arg>
<arg>${BROWSER}</arg>
<doc>Opens a new browser instance to the optional ``url``.</doc>
<msg timestamp="20220104 14:20:05.051" level="INFO">Opening browser 'gc' to base url 'about:blank'.</msg>
<status status="PASS" starttime="20220104 14:20:05.050" endtime="20220104 14:20:06.361"/>
</kw>
<kw name="Maximize Browser Window" library="SeleniumLibrary">
<doc>Maximizes current browser window.</doc>
<status status="PASS" starttime="20220104 14:20:06.361" endtime="20220104 14:20:06.504"/>
</kw>
<status status="PASS" starttime="20220104 14:20:05.050" endtime="20220104 14:20:06.504"/>
</kw>
<kw name="Go to Landing Page" library="FrontOfficeApp">
<kw name="Open Page" library="Landing">
<kw name="Go To" library="SeleniumLibrary">
<arg>${URL}</arg>
<doc>Navigates the current browser window to the provided ``url``.</doc>
<msg timestamp="20220104 14:20:06.505" level="INFO">Opening url 'https://www.robotframeworktutorial.com/front-office/'</msg>
<status status="PASS" starttime="20220104 14:20:06.505" endtime="20220104 14:20:08.414"/>
</kw>
<status status="PASS" starttime="20220104 14:20:06.505" endtime="20220104 14:20:08.414"/>
</kw>
<kw name="Verify Page Loaded" library="Landing">
<kw name="Wait Until Page Contains Element" library="SeleniumLibrary">
<arg>${LANDING_NAV_ELEMENT}</arg>
<doc>Waits until the element ``locator`` appears on the current page.</doc>
<status status="PASS" starttime="20220104 14:20:08.415" endtime="20220104 14:20:08.432"/>
</kw>
<status status="PASS" starttime="20220104 14:20:08.414" endtime="20220104 14:20:08.433"/>
</kw>
<status status="PASS" starttime="20220104 14:20:06.504" endtime="20220104 14:20:08.433"/>
</kw>
<kw name="Go to Team Section" library="FrontOfficeApp">
<kw name="Clicking Team Section" library="TopNav">
<kw name="Click Link" library="SeleniumLibrary">
<arg>${TEAM_SECTION_LINK}</arg>
<doc>Clicks a link identified by ``locator``.</doc>
<msg timestamp="20220104 14:20:08.435" level="INFO">Clicking link 'xpath=//*[@id="bs-example-navbar-collapse-1"]/ul/li[5]/a'.</msg>
<status status="PASS" starttime="20220104 14:20:08.434" endtime="20220104 14:20:08.501"/>
</kw>
<kw name="Sleep" library="BuiltIn">
<arg>2s</arg>
<doc>Pauses the test executed for the given time.</doc>
<msg timestamp="20220104 14:20:10.514" level="INFO">Slept 2 seconds</msg>
<status status="PASS" starttime="20220104 14:20:08.501" endtime="20220104 14:20:10.514"/>
</kw>
<status status="PASS" starttime="20220104 14:20:08.434" endtime="20220104 14:20:10.514"/>
</kw>
<kw name="Verify Page Loaded" library="Team">
<kw name="Wait Until Page Contains Element" library="SeleniumLibrary">
<arg>${TEAM_HEADLINE_LABEL}</arg>
<doc>Waits until the element ``locator`` appears on the current page.</doc>
<status status="PASS" starttime="20220104 14:20:10.515" endtime="20220104 14:20:10.531"/>
</kw>
<status status="PASS" starttime="20220104 14:20:10.514" endtime="20220104 14:20:10.531"/>
</kw>
<status status="PASS" starttime="20220104 14:20:08.434" endtime="20220104 14:20:10.531"/>
</kw>
<kw name="End Web Test" library="Common" type="TEARDOWN">
<kw name="Close Browser" library="SeleniumLibrary">
<doc>Closes the current browser.</doc>
<status status="PASS" starttime="20220104 14:20:10.532" endtime="20220104 14:20:12.671"/>
</kw>
<status status="PASS" starttime="20220104 14:20:10.532" endtime="20220104 14:20:12.672"/>
</kw>
<doc>This is Test 1</doc>
<tag>Test 1</tag>
<status status="PASS" starttime="20220104 14:20:05.049" endtime="20220104 14:20:12.672"/>
</test>
<test id="s1-s1-t2" name="The user should be able to review &quot;Team&quot; headline">
<kw name="Begin Web Test" library="Common" type="SETUP">
<kw name="Open Browser" library="SeleniumLibrary">
<arg>about:blank</arg>
<arg>${BROWSER}</arg>
<doc>Opens a new browser instance to the optional ``url``.</doc>
<msg timestamp="20220104 14:20:12.678" level="INFO">Opening browser 'gc' to base url 'about:blank'.</msg>
<status status="PASS" starttime="20220104 14:20:12.677" endtime="20220104 14:20:14.016"/>
</kw>
<kw name="Maximize Browser Window" library="SeleniumLibrary">
<doc>Maximizes current browser window.</doc>
<status status="PASS" starttime="20220104 14:20:14.016" endtime="20220104 14:20:14.142"/>
</kw>
<status status="PASS" starttime="20220104 14:20:12.676" endtime="20220104 14:20:14.142"/>
</kw>
<kw name="Go to Landing Page" library="FrontOfficeApp">
<kw name="Open Page" library="Landing">
<kw name="Go To" library="SeleniumLibrary">
<arg>${URL}</arg>
<doc>Navigates the current browser window to the provided ``url``.</doc>
<msg timestamp="20220104 14:20:14.144" level="INFO">Opening url 'https://www.robotframeworktutorial.com/front-office/'</msg>
<status status="PASS" starttime="20220104 14:20:14.143" endtime="20220104 14:20:16.068"/>
</kw>
<status status="PASS" starttime="20220104 14:20:14.143" endtime="20220104 14:20:16.068"/>
</kw>
<kw name="Verify Page Loaded" library="Landing">
<kw name="Wait Until Page Contains Element" library="SeleniumLibrary">
<arg>${LANDING_NAV_ELEMENT}</arg>
<doc>Waits until the element ``locator`` appears on the current page.</doc>
<status status="PASS" starttime="20220104 14:20:16.069" endtime="20220104 14:20:16.083"/>
</kw>
<status status="PASS" starttime="20220104 14:20:16.069" endtime="20220104 14:20:16.083"/>
</kw>
<status status="PASS" starttime="20220104 14:20:14.143" endtime="20220104 14:20:16.083"/>
</kw>
<kw name="Go to Team Section" library="FrontOfficeApp">
<kw name="Clicking Team Section" library="TopNav">
<kw name="Click Link" library="SeleniumLibrary">
<arg>${TEAM_SECTION_LINK}</arg>
<doc>Clicks a link identified by ``locator``.</doc>
<msg timestamp="20220104 14:20:16.085" level="INFO">Clicking link 'xpath=//*[@id="bs-example-navbar-collapse-1"]/ul/li[5]/a'.</msg>
<status status="PASS" starttime="20220104 14:20:16.085" endtime="20220104 14:20:16.150"/>
</kw>
<kw name="Sleep" library="BuiltIn">
<arg>2s</arg>
<doc>Pauses the test executed for the given time.</doc>
<msg timestamp="20220104 14:20:18.159" level="INFO">Slept 2 seconds</msg>
<status status="PASS" starttime="20220104 14:20:16.150" endtime="20220104 14:20:18.159"/>
</kw>
<status status="PASS" starttime="20220104 14:20:16.084" endtime="20220104 14:20:18.159"/>
</kw>
<kw name="Verify Page Loaded" library="Team">
<kw name="Wait Until Page Contains Element" library="SeleniumLibrary">
<arg>${TEAM_HEADLINE_LABEL}</arg>
<doc>Waits until the element ``locator`` appears on the current page.</doc>
<status status="PASS" starttime="20220104 14:20:18.159" endtime="20220104 14:20:18.172"/>
</kw>
<status status="PASS" starttime="20220104 14:20:18.159" endtime="20220104 14:20:18.172"/>
</kw>
<status status="PASS" starttime="20220104 14:20:16.084" endtime="20220104 14:20:18.172"/>
</kw>
<kw name="Check If The Team Section Contains The Headline" library="FrontOfficeApp">
<kw name="Checking the team section headline" library="Team">
<kw name="Get Text" library="SeleniumLibrary">
<var>${ElementText}</var>
<arg>${TEAM_HEADLINE_LABEL}</arg>
<doc>Returns the text value of the element identified by ``locator``.</doc>
<msg timestamp="20220104 14:20:18.200" level="INFO">${ElementText} = OUR AMAZING TEAM</msg>
<status status="PASS" starttime="20220104 14:20:18.173" endtime="20220104 14:20:18.200"/>
</kw>
<kw name="Should Be Equal As Strings" library="BuiltIn">
<arg>${ElementText}</arg>
<arg>${TEAM_HEADLINE}</arg>
<arg>ignore_case=True</arg>
<doc>Fails if objects are unequal after converting them to strings.</doc>
<status status="PASS" starttime="20220104 14:20:18.200" endtime="20220104 14:20:18.201"/>
</kw>
<kw name="Sleep" library="BuiltIn">
<arg>1s</arg>
<doc>Pauses the test executed for the given time.</doc>
<msg timestamp="20220104 14:20:19.216" level="INFO">Slept 1 second</msg>
<status status="PASS" starttime="20220104 14:20:18.201" endtime="20220104 14:20:19.216"/>
</kw>
<status status="PASS" starttime="20220104 14:20:18.173" endtime="20220104 14:20:19.216"/>
</kw>
<status status="PASS" starttime="20220104 14:20:18.172" endtime="20220104 14:20:19.216"/>
</kw>
<kw name="End Web Test" library="Common" type="TEARDOWN">
<kw name="Close Browser" library="SeleniumLibrary">
<doc>Closes the current browser.</doc>
<status status="PASS" starttime="20220104 14:20:19.217" endtime="20220104 14:20:21.383"/>
</kw>
<status status="PASS" starttime="20220104 14:20:19.217" endtime="20220104 14:20:21.383"/>
</kw>
<doc>This is Test 2</doc>
<tag>Test 2</tag>
<status status="PASS" starttime="20220104 14:20:12.674" endtime="20220104 14:20:21.385"/>
</test>
<doc>Talk about what this suite of test does</doc>
<status status="PASS" starttime="20220104 14:20:04.790" endtime="20220104 14:20:21.388"/>
</suite>
<status status="PASS" starttime="20220104 14:20:04.758" endtime="20220104 14:20:21.392"/>
</suite>
<statistics>
<total>
<stat pass="2" fail="0" skip="0">All Tests</stat>
</total>
<tag>
<stat pass="1" fail="0" skip="0">Test 1</stat>
<stat pass="1" fail="0" skip="0">Test 2</stat>
</tag>
<suite>
<stat pass="2" fail="0" skip="0" id="s1" name="Tests">Tests</stat>
<stat pass="2" fail="0" skip="0" id="s1-s1" name="Front Office">Tests.Front Office</stat>
</suite>
</statistics>
<errors>
</errors>
</robot>
