<?xml version="1.0" encoding="UTF-8"?>
<robot generator="Robot 4.1.3 (Python 3.8.3 on win32)" generated="20211230 16:13:37.262" rpa="false" schemaversion="2">
<suite id="s1" name="Amazon" source="C:\Users\SEYMA\GitHub\RobotFramework\7_MovingKeywordsToResourceFiles\tests\Amazon.robot">
<test id="s1-t1" name="User must sign in to check out">
<kw name="Begin Web Test" library="Common">
<kw name="Open Browser" library="SeleniumLibrary">
<arg>about:blank</arg>
<arg>gc</arg>
<doc>Opens a new browser instance to the optional ``url``.</doc>
<msg timestamp="20211230 16:13:37.524" level="INFO">Opening browser 'gc' to base url 'about:blank'.</msg>
<status status="PASS" starttime="20211230 16:13:37.523" endtime="20211230 16:13:38.892"/>
</kw>
<kw name="Maximize Browser Window" library="SeleniumLibrary">
<doc>Maximizes current browser window.</doc>
<status status="PASS" starttime="20211230 16:13:38.892" endtime="20211230 16:13:39.008"/>
</kw>
<status status="PASS" starttime="20211230 16:13:37.523" endtime="20211230 16:13:39.008"/>
</kw>
<kw name="Search for Products" library="AmazonApp">
<kw name="Go To" library="SeleniumLibrary">
<arg>http://www.amazon.com</arg>
<doc>Navigates the current browser window to the provided ``url``.</doc>
<msg timestamp="20211230 16:13:39.009" level="INFO">Opening url 'http://www.amazon.com'</msg>
<status status="PASS" starttime="20211230 16:13:39.009" endtime="20211230 16:13:40.615"/>
</kw>
<kw name="Wait Until Page Contains" library="SeleniumLibrary">
<arg>Hello, Sign in</arg>
<doc>Waits until ``text`` appears on the current page.</doc>
<status status="PASS" starttime="20211230 16:13:40.615" endtime="20211230 16:13:40.693"/>
</kw>
<kw name="Input Text" library="SeleniumLibrary">
<arg>id=twotabsearchtextbox</arg>
<arg>Ferrari 458</arg>
<doc>Types the given ``text`` into the text field identified by ``locator``.</doc>
<msg timestamp="20211230 16:13:40.694" level="INFO">Typing text 'Ferrari 458' into text field 'id=twotabsearchtextbox'.</msg>
<status status="PASS" starttime="20211230 16:13:40.694" endtime="20211230 16:13:40.962"/>
</kw>
<kw name="Click Button" library="SeleniumLibrary">
<arg>xpath=//*[@id="nav-search-submit-button"]</arg>
<doc>Clicks the button identified by ``locator``.</doc>
<msg timestamp="20211230 16:13:40.962" level="INFO">Clicking button 'xpath=//*[@id="nav-search-submit-button"]'.</msg>
<status status="PASS" starttime="20211230 16:13:40.962" endtime="20211230 16:13:43.528"/>
</kw>
<kw name="Wait Until Page Contains" library="SeleniumLibrary">
<arg>results for "Ferrari 458"</arg>
<doc>Waits until ``text`` appears on the current page.</doc>
<status status="PASS" starttime="20211230 16:13:43.528" endtime="20211230 16:13:43.590"/>
</kw>
<status status="PASS" starttime="20211230 16:13:39.009" endtime="20211230 16:13:43.590"/>
</kw>
<kw name="Select Product from Search Results" library="AmazonApp">
<kw name="Click Link" library="SeleniumLibrary">
<arg>xpath=//*[@id="search"]/div[1]/div[1]/div/span[3]/div[2]/div[3]/div/span/div/div/div[2]/div[1]/h2/a</arg>
<doc>Clicks a link identified by ``locator``.</doc>
<msg timestamp="20211230 16:13:43.592" level="INFO">Clicking link 'xpath=//*[@id="search"]/div[1]/div[1]/div/span[3]/div[2]/div[3]/div/span/div/div/div[2]/div[1]/h2/a'.</msg>
<status status="PASS" starttime="20211230 16:13:43.591" endtime="20211230 16:13:46.908"/>
</kw>
<kw name="Wait Until Page Contains" library="SeleniumLibrary">
<arg>Back to results</arg>
<doc>Waits until ``text`` appears on the current page.</doc>
<status status="PASS" starttime="20211230 16:13:46.908" endtime="20211230 16:13:46.973"/>
</kw>
<status status="PASS" starttime="20211230 16:13:43.591" endtime="20211230 16:13:46.973"/>
</kw>
<kw name="Add Product to Cart" library="AmazonApp">
<kw name="Click Button" library="SeleniumLibrary">
<arg>xpath=//*[@id="add-to-cart-button"]</arg>
<doc>Clicks the button identified by ``locator``.</doc>
<msg timestamp="20211230 16:13:46.974" level="INFO">Clicking button 'xpath=//*[@id="add-to-cart-button"]'.</msg>
<status status="PASS" starttime="20211230 16:13:46.974" endtime="20211230 16:13:48.449"/>
</kw>
<kw name="Wait Until Page Contains" library="SeleniumLibrary">
<arg>Added to Cart</arg>
<doc>Waits until ``text`` appears on the current page.</doc>
<status status="PASS" starttime="20211230 16:13:48.449" endtime="20211230 16:13:48.519"/>
</kw>
<status status="PASS" starttime="20211230 16:13:46.974" endtime="20211230 16:13:48.519"/>
</kw>
<kw name="Begin Checkout" library="AmazonApp">
<kw name="Click Link" library="SeleniumLibrary">
<arg>xpath=//*[@id="nav-cart"]</arg>
<doc>Clicks a link identified by ``locator``.</doc>
<msg timestamp="20211230 16:13:48.520" level="INFO">Clicking link 'xpath=//*[@id="nav-cart"]'.</msg>
<status status="PASS" starttime="20211230 16:13:48.520" endtime="20211230 16:13:50.476"/>
</kw>
<kw name="Wait Until Page Contains" library="SeleniumLibrary">
<arg>Shopping Cart</arg>
<doc>Waits until ``text`` appears on the current page.</doc>
<status status="PASS" starttime="20211230 16:13:50.476" endtime="20211230 16:13:50.516"/>
</kw>
<kw name="Click Button" library="SeleniumLibrary">
<arg>xpath=//*[@id="sc-buy-box-ptc-button"]/span/input</arg>
<doc>Clicks the button identified by ``locator``.</doc>
<msg timestamp="20211230 16:13:50.517" level="INFO">Clicking button 'xpath=//*[@id="sc-buy-box-ptc-button"]/span/input'.</msg>
<status status="PASS" starttime="20211230 16:13:50.517" endtime="20211230 16:13:52.448"/>
</kw>
<kw name="Wait Until Page Contains" library="SeleniumLibrary">
<arg>Sign-In</arg>
<doc>Waits until ``text`` appears on the current page.</doc>
<status status="PASS" starttime="20211230 16:13:52.448" endtime="20211230 16:13:52.501"/>
</kw>
<status status="PASS" starttime="20211230 16:13:48.520" endtime="20211230 16:13:52.501"/>
</kw>
<kw name="End Web Test" library="Common">
<kw name="Close Browser" library="SeleniumLibrary">
<doc>Closes the current browser.</doc>
<status status="PASS" starttime="20211230 16:13:52.502" endtime="20211230 16:13:54.716"/>
</kw>
<status status="PASS" starttime="20211230 16:13:52.502" endtime="20211230 16:13:54.717"/>
</kw>
<doc>This is some basic info about the test</doc>
<tag>Smoke</tag>
<status status="PASS" starttime="20211230 16:13:37.522" endtime="20211230 16:13:54.718"/>
</test>
<doc>This is some basic info about the whole suite</doc>
<status status="PASS" starttime="20211230 16:13:37.264" endtime="20211230 16:13:54.723"/>
</suite>
<statistics>
<total>
<stat pass="1" fail="0" skip="0">All Tests</stat>
</total>
<tag>
<stat pass="1" fail="0" skip="0">Smoke</stat>
</tag>
<suite>
<stat pass="1" fail="0" skip="0" id="s1" name="Amazon">Amazon</stat>
</suite>
</statistics>
<errors>
</errors>
</robot>
