<?xml version="1.0" encoding="UTF-8"?>
<robot generator="Robot 4.1.3 (Python 3.8.3 on win32)" generated="20211229 20:58:43.000" rpa="false" schemaversion="2">
<suite id="s1" name="Full Regression" source="C:\Users\SEYMA\GitHub\RobotFramework\3_RunningMultipleSuites\tests">
<suite id="s1-s1" name="Product 1" source="C:\Users\SEYMA\GitHub\RobotFramework\3_RunningMultipleSuites\tests\Product 1">
<suite id="s1-s1-s1" name="API" source="C:\Users\SEYMA\GitHub\RobotFramework\3_RunningMultipleSuites\tests\Product 1\API">
<suite id="s1-s1-s1-s1" name="FeatureOne" source="C:\Users\SEYMA\GitHub\RobotFramework\3_RunningMultipleSuites\tests\Product 1\API\FeatureOne.robot">
<test id="s1-s1-s1-s1-t1" name="Test Case 1">
<kw name="Log" library="BuiltIn">
<arg>I am test case 1 of API feature 1</arg>
<doc>Logs the given message with the given level.</doc>
<msg timestamp="20211229 20:58:43.281" level="INFO">I am test case 1 of API feature 1</msg>
<status status="PASS" starttime="20211229 20:58:43.281" endtime="20211229 20:58:43.281"/>
</kw>
<status status="PASS" starttime="20211229 20:58:43.280" endtime="20211229 20:58:43.282"/>
</test>
<test id="s1-s1-s1-s1-t2" name="Test Case 2">
<kw name="Log" library="BuiltIn">
<arg>I am test case 2 of API feature 1</arg>
<doc>Logs the given message with the given level.</doc>
<msg timestamp="20211229 20:58:43.284" level="INFO">I am test case 2 of API feature 1</msg>
<status status="PASS" starttime="20211229 20:58:43.283" endtime="20211229 20:58:43.284"/>
</kw>
<status status="PASS" starttime="20211229 20:58:43.283" endtime="20211229 20:58:43.284"/>
</test>
<doc>This is some info</doc>
<status status="PASS" starttime="20211229 20:58:43.037" endtime="20211229 20:58:43.286"/>
</suite>
<suite id="s1-s1-s1-s2" name="FeatureTwo" source="C:\Users\SEYMA\GitHub\RobotFramework\3_RunningMultipleSuites\tests\Product 1\API\FeatureTwo.robot">
<test id="s1-s1-s1-s2-t1" name="Test Case 1">
<kw name="Log" library="BuiltIn">
<arg>I am test case 1 of API feature 2</arg>
<doc>Logs the given message with the given level.</doc>
<msg timestamp="20211229 20:58:43.292" level="INFO">I am test case 1 of API feature 2</msg>
<status status="PASS" starttime="20211229 20:58:43.291" endtime="20211229 20:58:43.292"/>
</kw>
<status status="PASS" starttime="20211229 20:58:43.291" endtime="20211229 20:58:43.292"/>
</test>
<test id="s1-s1-s1-s2-t2" name="Test Case 2">
<kw name="Log" library="BuiltIn">
<arg>I am test case 2 of API feature 2</arg>
<doc>Logs the given message with the given level.</doc>
<msg timestamp="20211229 20:58:43.294" level="INFO">I am test case 2 of API feature 2</msg>
<status status="PASS" starttime="20211229 20:58:43.294" endtime="20211229 20:58:43.294"/>
</kw>
<status status="PASS" starttime="20211229 20:58:43.293" endtime="20211229 20:58:43.294"/>
</test>
<doc>This is some info</doc>
<status status="PASS" starttime="20211229 20:58:43.288" endtime="20211229 20:58:43.296"/>
</suite>
<status status="PASS" starttime="20211229 20:58:43.034" endtime="20211229 20:58:43.298"/>
</suite>
<suite id="s1-s1-s2" name="Web" source="C:\Users\SEYMA\GitHub\RobotFramework\3_RunningMultipleSuites\tests\Product 1\Web">
<suite id="s1-s1-s2-s1" name="FeatureOne" source="C:\Users\SEYMA\GitHub\RobotFramework\3_RunningMultipleSuites\tests\Product 1\Web\FeatureOne.robot">
<test id="s1-s1-s2-s1-t1" name="Test Case 1">
<kw name="Log" library="BuiltIn">
<arg>I am test case 1 of Web feature 1</arg>
<doc>Logs the given message with the given level.</doc>
<msg timestamp="20211229 20:58:43.306" level="INFO">I am test case 1 of Web feature 1</msg>
<status status="PASS" starttime="20211229 20:58:43.306" endtime="20211229 20:58:43.306"/>
</kw>
<status status="PASS" starttime="20211229 20:58:43.305" endtime="20211229 20:58:43.306"/>
</test>
<test id="s1-s1-s2-s1-t2" name="Test Case 2">
<kw name="Log" library="BuiltIn">
<arg>I am test case 2 of Web feature 1</arg>
<doc>Logs the given message with the given level.</doc>
<msg timestamp="20211229 20:58:43.308" level="INFO">I am test case 2 of Web feature 1</msg>
<status status="PASS" starttime="20211229 20:58:43.308" endtime="20211229 20:58:43.308"/>
</kw>
<status status="PASS" starttime="20211229 20:58:43.307" endtime="20211229 20:58:43.308"/>
</test>
<doc>This is some info</doc>
<status status="PASS" starttime="20211229 20:58:43.302" endtime="20211229 20:58:43.310"/>
</suite>
<suite id="s1-s1-s2-s2" name="FeatureTwo" source="C:\Users\SEYMA\GitHub\RobotFramework\3_RunningMultipleSuites\tests\Product 1\Web\FeatureTwo.robot">
<test id="s1-s1-s2-s2-t1" name="Test Case 1">
<kw name="Log" library="BuiltIn">
<arg>I am test case 1 of Web feature 2</arg>
<doc>Logs the given message with the given level.</doc>
<msg timestamp="20211229 20:58:43.316" level="INFO">I am test case 1 of Web feature 2</msg>
<status status="PASS" starttime="20211229 20:58:43.316" endtime="20211229 20:58:43.316"/>
</kw>
<status status="PASS" starttime="20211229 20:58:43.315" endtime="20211229 20:58:43.317"/>
</test>
<test id="s1-s1-s2-s2-t2" name="Test Case 2">
<kw name="Log" library="BuiltIn">
<arg>I am test case 2 of Web feature 2</arg>
<doc>Logs the given message with the given level.</doc>
<msg timestamp="20211229 20:58:43.319" level="INFO">I am test case 2 of Web feature 2</msg>
<status status="PASS" starttime="20211229 20:58:43.318" endtime="20211229 20:58:43.319"/>
</kw>
<status status="PASS" starttime="20211229 20:58:43.318" endtime="20211229 20:58:43.319"/>
</test>
<doc>This is some info</doc>
<status status="PASS" starttime="20211229 20:58:43.311" endtime="20211229 20:58:43.321"/>
</suite>
<status status="PASS" starttime="20211229 20:58:43.299" endtime="20211229 20:58:43.323"/>
</suite>
<status status="PASS" starttime="20211229 20:58:43.032" endtime="20211229 20:58:43.324"/>
</suite>
<suite id="s1-s2" name="Product 2" source="C:\Users\SEYMA\GitHub\RobotFramework\3_RunningMultipleSuites\tests\Product 2">
<suite id="s1-s2-s1" name="API" source="C:\Users\SEYMA\GitHub\RobotFramework\3_RunningMultipleSuites\tests\Product 2\API">
<suite id="s1-s2-s1-s1" name="FeatureOne" source="C:\Users\SEYMA\GitHub\RobotFramework\3_RunningMultipleSuites\tests\Product 2\API\FeatureOne.robot">
<test id="s1-s2-s1-s1-t1" name="Test Case 1">
<kw name="Log" library="BuiltIn">
<arg>I am test case 1 of API feature 1</arg>
<doc>Logs the given message with the given level.</doc>
<msg timestamp="20211229 20:58:43.335" level="INFO">I am test case 1 of API feature 1</msg>
<status status="PASS" starttime="20211229 20:58:43.335" endtime="20211229 20:58:43.335"/>
</kw>
<status status="PASS" starttime="20211229 20:58:43.334" endtime="20211229 20:58:43.336"/>
</test>
<test id="s1-s2-s1-s1-t2" name="Test Case 2">
<kw name="Log" library="BuiltIn">
<arg>I am test case 2 of API feature 1</arg>
<doc>Logs the given message with the given level.</doc>
<msg timestamp="20211229 20:58:43.338" level="INFO">I am test case 2 of API feature 1</msg>
<status status="PASS" starttime="20211229 20:58:43.338" endtime="20211229 20:58:43.338"/>
</kw>
<status status="PASS" starttime="20211229 20:58:43.337" endtime="20211229 20:58:43.339"/>
</test>
<doc>This is some info</doc>
<status status="PASS" starttime="20211229 20:58:43.331" endtime="20211229 20:58:43.340"/>
</suite>
<suite id="s1-s2-s1-s2" name="FeatureTwo" source="C:\Users\SEYMA\GitHub\RobotFramework\3_RunningMultipleSuites\tests\Product 2\API\FeatureTwo.robot">
<test id="s1-s2-s1-s2-t1" name="Test Case 1">
<kw name="Log" library="BuiltIn">
<arg>I am test case 1 of API feature 2</arg>
<doc>Logs the given message with the given level.</doc>
<msg timestamp="20211229 20:58:43.347" level="INFO">I am test case 1 of API feature 2</msg>
<status status="PASS" starttime="20211229 20:58:43.346" endtime="20211229 20:58:43.347"/>
</kw>
<status status="PASS" starttime="20211229 20:58:43.346" endtime="20211229 20:58:43.348"/>
</test>
<test id="s1-s2-s1-s2-t2" name="Test Case 2">
<kw name="Log" library="BuiltIn">
<arg>I am test case 2 of API feature 2</arg>
<doc>Logs the given message with the given level.</doc>
<msg timestamp="20211229 20:58:43.350" level="INFO">I am test case 2 of API feature 2</msg>
<status status="PASS" starttime="20211229 20:58:43.350" endtime="20211229 20:58:43.350"/>
</kw>
<status status="PASS" starttime="20211229 20:58:43.349" endtime="20211229 20:58:43.350"/>
</test>
<doc>This is some info</doc>
<status status="PASS" starttime="20211229 20:58:43.342" endtime="20211229 20:58:43.352"/>
</suite>
<status status="PASS" starttime="20211229 20:58:43.329" endtime="20211229 20:58:43.354"/>
</suite>
<suite id="s1-s2-s2" name="Web" source="C:\Users\SEYMA\GitHub\RobotFramework\3_RunningMultipleSuites\tests\Product 2\Web">
<suite id="s1-s2-s2-s1" name="FeatureOne" source="C:\Users\SEYMA\GitHub\RobotFramework\3_RunningMultipleSuites\tests\Product 2\Web\FeatureOne.robot">
<test id="s1-s2-s2-s1-t1" name="Test Case 1">
<kw name="Log" library="BuiltIn">
<arg>I am test case 1 of Web feature 1</arg>
<doc>Logs the given message with the given level.</doc>
<msg timestamp="20211229 20:58:43.363" level="INFO">I am test case 1 of Web feature 1</msg>
<status status="PASS" starttime="20211229 20:58:43.362" endtime="20211229 20:58:43.363"/>
</kw>
<status status="PASS" starttime="20211229 20:58:43.362" endtime="20211229 20:58:43.363"/>
</test>
<test id="s1-s2-s2-s1-t2" name="Test Case 2">
<kw name="Log" library="BuiltIn">
<arg>I am test case 2 of Web feature 1</arg>
<doc>Logs the given message with the given level.</doc>
<msg timestamp="20211229 20:58:43.365" level="INFO">I am test case 2 of Web feature 1</msg>
<status status="PASS" starttime="20211229 20:58:43.365" endtime="20211229 20:58:43.365"/>
</kw>
<status status="PASS" starttime="20211229 20:58:43.364" endtime="20211229 20:58:43.365"/>
</test>
<doc>This is some info</doc>
<status status="PASS" starttime="20211229 20:58:43.359" endtime="20211229 20:58:43.366"/>
</suite>
<suite id="s1-s2-s2-s2" name="FeatureTwo" source="C:\Users\SEYMA\GitHub\RobotFramework\3_RunningMultipleSuites\tests\Product 2\Web\FeatureTwo.robot">
<test id="s1-s2-s2-s2-t1" name="Test Case 1">
<kw name="Log" library="BuiltIn">
<arg>I am test case 1 of Web feature 2</arg>
<doc>Logs the given message with the given level.</doc>
<msg timestamp="20211229 20:58:43.373" level="INFO">I am test case 1 of Web feature 2</msg>
<status status="PASS" starttime="20211229 20:58:43.373" endtime="20211229 20:58:43.373"/>
</kw>
<status status="PASS" starttime="20211229 20:58:43.372" endtime="20211229 20:58:43.374"/>
</test>
<test id="s1-s2-s2-s2-t2" name="Test Case 2">
<kw name="Log" library="BuiltIn">
<arg>I am test case 2 of Web feature 2</arg>
<doc>Logs the given message with the given level.</doc>
<msg timestamp="20211229 20:58:43.376" level="INFO">I am test case 2 of Web feature 2</msg>
<status status="PASS" starttime="20211229 20:58:43.376" endtime="20211229 20:58:43.376"/>
</kw>
<status status="PASS" starttime="20211229 20:58:43.375" endtime="20211229 20:58:43.376"/>
</test>
<doc>This is some info</doc>
<status status="PASS" starttime="20211229 20:58:43.368" endtime="20211229 20:58:43.378"/>
</suite>
<status status="PASS" starttime="20211229 20:58:43.356" endtime="20211229 20:58:43.379"/>
</suite>
<status status="PASS" starttime="20211229 20:58:43.326" endtime="20211229 20:58:43.381"/>
</suite>
<status status="PASS" starttime="20211229 20:58:43.002" endtime="20211229 20:58:43.383"/>
</suite>
<statistics>
<total>
<stat pass="16" fail="0" skip="0">All Tests</stat>
</total>
<tag>
</tag>
<suite>
<stat pass="16" fail="0" skip="0" id="s1" name="Full Regression">Full Regression</stat>
<stat pass="8" fail="0" skip="0" id="s1-s1" name="Product 1">Full Regression.Product 1</stat>
<stat pass="4" fail="0" skip="0" id="s1-s1-s1" name="API">Full Regression.Product 1.API</stat>
<stat pass="2" fail="0" skip="0" id="s1-s1-s1-s1" name="FeatureOne">Full Regression.Product 1.API.FeatureOne</stat>
<stat pass="2" fail="0" skip="0" id="s1-s1-s1-s2" name="FeatureTwo">Full Regression.Product 1.API.FeatureTwo</stat>
<stat pass="4" fail="0" skip="0" id="s1-s1-s2" name="Web">Full Regression.Product 1.Web</stat>
<stat pass="2" fail="0" skip="0" id="s1-s1-s2-s1" name="FeatureOne">Full Regression.Product 1.Web.FeatureOne</stat>
<stat pass="2" fail="0" skip="0" id="s1-s1-s2-s2" name="FeatureTwo">Full Regression.Product 1.Web.FeatureTwo</stat>
<stat pass="8" fail="0" skip="0" id="s1-s2" name="Product 2">Full Regression.Product 2</stat>
<stat pass="4" fail="0" skip="0" id="s1-s2-s1" name="API">Full Regression.Product 2.API</stat>
<stat pass="2" fail="0" skip="0" id="s1-s2-s1-s1" name="FeatureOne">Full Regression.Product 2.API.FeatureOne</stat>
<stat pass="2" fail="0" skip="0" id="s1-s2-s1-s2" name="FeatureTwo">Full Regression.Product 2.API.FeatureTwo</stat>
<stat pass="4" fail="0" skip="0" id="s1-s2-s2" name="Web">Full Regression.Product 2.Web</stat>
<stat pass="2" fail="0" skip="0" id="s1-s2-s2-s1" name="FeatureOne">Full Regression.Product 2.Web.FeatureOne</stat>
<stat pass="2" fail="0" skip="0" id="s1-s2-s2-s2" name="FeatureTwo">Full Regression.Product 2.Web.FeatureTwo</stat>
</suite>
</statistics>
<errors>
</errors>
</robot>
