<?xml version="1.0" encoding="UTF-8"?>
<robot generator="Robot 4.1.3 (Python 3.8.3 on win32)" generated="20211230 18:08:40.618" rpa="false" schemaversion="2">
<suite id="s1" name="Amazon" source="C:\Users\SEYMA\GitHub\RobotFramework\9_PageObjects\tests\amazon.robot">
<test id="s1-t1" name="User must sign in to check out">
<kw name="Begin Web Test" library="Common" type="SETUP">
<kw name="Open Browser" library="SeleniumLibrary">
<arg>about:blank</arg>
<arg>gc</arg>
<doc>Opens a new browser instance to the optional ``url``.</doc>
<msg timestamp="20211230 18:08:40.897" level="INFO">Opening browser 'gc' to base url 'about:blank'.</msg>
<status status="PASS" starttime="20211230 18:08:40.897" endtime="20211230 18:08:42.368"/>
</kw>
<kw name="Maximize Browser Window" library="SeleniumLibrary">
<doc>Maximizes current browser window.</doc>
<status status="PASS" starttime="20211230 18:08:42.368" endtime="20211230 18:08:42.483"/>
</kw>
<status status="PASS" starttime="20211230 18:08:40.897" endtime="20211230 18:08:42.483"/>
</kw>
<kw name="Search for Products" library="AmazonApp">
<kw name="Load" library="LandingPage">
<kw name="Go To" library="SeleniumLibrary">
<arg>http://www.amazon.com</arg>
<doc>Navigates the current browser window to the provided ``url``.</doc>
<msg timestamp="20211230 18:08:42.485" level="INFO">Opening url 'http://www.amazon.com'</msg>
<status status="PASS" starttime="20211230 18:08:42.484" endtime="20211230 18:08:44.478"/>
</kw>
<status status="PASS" starttime="20211230 18:08:42.484" endtime="20211230 18:08:44.478"/>
</kw>
<kw name="Verify Page Loaded" library="LandingPage">
<kw name="Wait Until Page Contains" library="SeleniumLibrary">
<arg>Hello, Sign in</arg>
<doc>Waits until ``text`` appears on the current page.</doc>
<status status="PASS" starttime="20211230 18:08:44.479" endtime="20211230 18:08:44.536"/>
</kw>
<status status="PASS" starttime="20211230 18:08:44.478" endtime="20211230 18:08:44.536"/>
</kw>
<kw name="Enter Search Term" library="TopNav">
<kw name="Input Text" library="SeleniumLibrary">
<arg>id=twotabsearchtextbox</arg>
<arg>Ferrari 458</arg>
<doc>Types the given ``text`` into the text field identified by ``locator``.</doc>
<msg timestamp="20211230 18:08:44.539" level="INFO">Typing text 'Ferrari 458' into text field 'id=twotabsearchtextbox'.</msg>
<status status="PASS" starttime="20211230 18:08:44.538" endtime="20211230 18:08:44.791"/>
</kw>
<status status="PASS" starttime="20211230 18:08:44.537" endtime="20211230 18:08:44.791"/>
</kw>
<kw name="Submit Search" library="TopNav">
<kw name="Click Button" library="SeleniumLibrary">
<arg>xpath=//*[@id="nav-search-submit-button"]</arg>
<doc>Clicks the button identified by ``locator``.</doc>
<msg timestamp="20211230 18:08:44.792" level="INFO">Clicking button 'xpath=//*[@id="nav-search-submit-button"]'.</msg>
<status status="PASS" starttime="20211230 18:08:44.792" endtime="20211230 18:08:47.117"/>
</kw>
<status status="PASS" starttime="20211230 18:08:44.792" endtime="20211230 18:08:47.117"/>
</kw>
<kw name="Verify Search" library="SearchResults">
<kw name="Wait Until Page Contains" library="SeleniumLibrary">
<arg>results for "Ferrari 458"</arg>
<doc>Waits until ``text`` appears on the current page.</doc>
<status status="PASS" starttime="20211230 18:08:47.118" endtime="20211230 18:08:47.159"/>
</kw>
<status status="PASS" starttime="20211230 18:08:47.117" endtime="20211230 18:08:47.160"/>
</kw>
<status status="PASS" starttime="20211230 18:08:42.484" endtime="20211230 18:08:47.160"/>
</kw>
<kw name="Select Product from Search Results" library="AmazonApp">
<kw name="Click Product Link" library="SearchResults">
<kw name="Click Link" library="SeleniumLibrary">
<arg>xpath=//*[@id="search"]/div[1]/div[1]/div/span[3]/div[2]/div[3]/div/span/div/div/div[2]/div[1]/h2/a</arg>
<doc>Clicks a link identified by ``locator``.</doc>
<msg timestamp="20211230 18:08:47.161" level="INFO">Clicking link 'xpath=//*[@id="search"]/div[1]/div[1]/div/span[3]/div[2]/div[3]/div/span/div/div/div[2]/div[1]/h2/a'.</msg>
<status status="PASS" starttime="20211230 18:08:47.161" endtime="20211230 18:08:50.216"/>
</kw>
<status status="PASS" starttime="20211230 18:08:47.161" endtime="20211230 18:08:50.216"/>
</kw>
<kw name="Check Page Loaded" library="Product">
<kw name="Wait Until Page Contains" library="SeleniumLibrary">
<arg>Back to results</arg>
<doc>Waits until ``text`` appears on the current page.</doc>
<status status="PASS" starttime="20211230 18:08:50.217" endtime="20211230 18:08:50.289"/>
</kw>
<status status="PASS" starttime="20211230 18:08:50.217" endtime="20211230 18:08:50.289"/>
</kw>
<status status="PASS" starttime="20211230 18:08:47.160" endtime="20211230 18:08:50.290"/>
</kw>
<kw name="Add Product to Cart" library="AmazonApp">
<kw name="Add to Cart" library="Product">
<kw name="Click Button" library="SeleniumLibrary">
<arg>xpath=//*[@id="add-to-cart-button"]</arg>
<doc>Clicks the button identified by ``locator``.</doc>
<msg timestamp="20211230 18:08:50.291" level="INFO">Clicking button 'xpath=//*[@id="add-to-cart-button"]'.</msg>
<status status="PASS" starttime="20211230 18:08:50.291" endtime="20211230 18:08:51.683"/>
</kw>
<status status="PASS" starttime="20211230 18:08:50.291" endtime="20211230 18:08:51.683"/>
</kw>
<kw name="Verify Product Added" library="Cart">
<kw name="Wait Until Page Contains" library="SeleniumLibrary">
<arg>Added to Cart</arg>
<doc>Waits until ``text`` appears on the current page.</doc>
<status status="PASS" starttime="20211230 18:08:51.684" endtime="20211230 18:08:51.741"/>
</kw>
<status status="PASS" starttime="20211230 18:08:51.683" endtime="20211230 18:08:51.741"/>
</kw>
<status status="PASS" starttime="20211230 18:08:50.290" endtime="20211230 18:08:51.741"/>
</kw>
<kw name="Begin Checkout" library="AmazonApp">
<kw name="Proceed" library="Cart">
<kw name="Click Link" library="SeleniumLibrary">
<arg>xpath=//*[@id="nav-cart"]</arg>
<doc>Clicks a link identified by ``locator``.</doc>
<msg timestamp="20211230 18:08:51.743" level="INFO">Clicking link 'xpath=//*[@id="nav-cart"]'.</msg>
<status status="PASS" starttime="20211230 18:08:51.742" endtime="20211230 18:08:53.217"/>
</kw>
<status status="PASS" starttime="20211230 18:08:51.742" endtime="20211230 18:08:53.217"/>
</kw>
<kw name="Check Page" library="Cart">
<kw name="Wait Until Page Contains" library="SeleniumLibrary">
<arg>Shopping Cart</arg>
<doc>Waits until ``text`` appears on the current page.</doc>
<status status="PASS" starttime="20211230 18:08:53.218" endtime="20211230 18:08:53.242"/>
</kw>
<status status="PASS" starttime="20211230 18:08:53.217" endtime="20211230 18:08:53.242"/>
</kw>
<kw name="Clicking Checkout Button" library="Cart">
<kw name="Click Button" library="SeleniumLibrary">
<arg>xpath=//*[@id="sc-buy-box-ptc-button"]/span/input</arg>
<doc>Clicks the button identified by ``locator``.</doc>
<msg timestamp="20211230 18:08:53.243" level="INFO">Clicking button 'xpath=//*[@id="sc-buy-box-ptc-button"]/span/input'.</msg>
<status status="PASS" starttime="20211230 18:08:53.243" endtime="20211230 18:08:54.737"/>
</kw>
<status status="PASS" starttime="20211230 18:08:53.242" endtime="20211230 18:08:54.738"/>
</kw>
<kw name="Check Page Contains" library="SignIn">
<kw name="Wait Until Page Contains" library="SeleniumLibrary">
<arg>Sign-In</arg>
<doc>Waits until ``text`` appears on the current page.</doc>
<status status="PASS" starttime="20211230 18:08:54.738" endtime="20211230 18:08:54.790"/>
</kw>
<status status="PASS" starttime="20211230 18:08:54.738" endtime="20211230 18:08:54.790"/>
</kw>
<status status="PASS" starttime="20211230 18:08:51.742" endtime="20211230 18:08:54.791"/>
</kw>
<kw name="End Web Test" library="Common" type="TEARDOWN">
<kw name="Close Browser" library="SeleniumLibrary">
<doc>Closes the current browser.</doc>
<status status="PASS" starttime="20211230 18:08:54.791" endtime="20211230 18:08:56.959"/>
</kw>
<status status="PASS" starttime="20211230 18:08:54.791" endtime="20211230 18:08:56.959"/>
</kw>
<doc>This is some basic info about the test</doc>
<tag>Smoke</tag>
<status status="PASS" starttime="20211230 18:08:40.896" endtime="20211230 18:08:56.960"/>
</test>
<doc>This is some basic info about the whole suite</doc>
<status status="PASS" starttime="20211230 18:08:40.620" endtime="20211230 18:08:56.963"/>
</suite>
<statistics>
<total>
<stat pass="1" fail="0" skip="0">All Tests</stat>
</total>
<tag>
<stat pass="1" fail="0" skip="0">Smoke</stat>
</tag>
<suite>
<stat pass="1" fail="0" skip="0" id="s1" name="Amazon">Amazon</stat>
</suite>
</statistics>
<errors>
</errors>
</robot>
