<?xml version="1.0" encoding="UTF-8"?>
<robot generator="Robot 4.1.3 (Python 3.8.3 on win32)" generated="20220103 11:09:30.381" rpa="false" schemaversion="2">
<suite id="s1" name="Tests" source="C:\Users\SEYMA\GitHub\RobotFramework\12_VariableScope\tests">
<suite id="s1-s1" name="Scope" source="C:\Users\SEYMA\GitHub\RobotFramework\12_VariableScope\tests\scope.robot">
<test id="s1-s1-t1" name="Create and log a variable">
<kw name="Log" library="BuiltIn">
<arg>${MY_VARIABLE}</arg>
<doc>Logs the given message with the given level.</doc>
<msg timestamp="20220103 11:09:30.426" level="INFO">This is a value from script file</msg>
<status status="PASS" starttime="20220103 11:09:30.426" endtime="20220103 11:09:30.426"/>
</kw>
<status status="PASS" starttime="20220103 11:09:30.425" endtime="20220103 11:09:30.427"/>
</test>
<test id="s1-s1-t2" name="Access a variable">
<kw name="Log" library="BuiltIn">
<arg>${MY_VARIABLE}</arg>
<doc>Logs the given message with the given level.</doc>
<msg timestamp="20220103 11:09:30.429" level="INFO">This is a value from script file</msg>
<status status="PASS" starttime="20220103 11:09:30.428" endtime="20220103 11:09:30.429"/>
</kw>
<status status="PASS" starttime="20220103 11:09:30.428" endtime="20220103 11:09:30.429"/>
</test>
<status status="PASS" starttime="20220103 11:09:30.421" endtime="20220103 11:09:30.432"/>
</suite>
<status status="PASS" starttime="20220103 11:09:30.383" endtime="20220103 11:09:30.433"/>
</suite>
<statistics>
<total>
<stat pass="2" fail="0" skip="0">All Tests</stat>
</total>
<tag>
</tag>
<suite>
<stat pass="2" fail="0" skip="0" id="s1" name="Tests">Tests</stat>
<stat pass="2" fail="0" skip="0" id="s1-s1" name="Scope">Tests.Scope</stat>
</suite>
</statistics>
<errors>
</errors>
</robot>
