<?xml version="1.0" encoding="UTF-8"?>
<robot generator="Robot 4.1.3 (Python 3.8.3 on win32)" generated="20211229 18:44:34.996" rpa="false" schemaversion="2">
<suite id="s1" name="Open Amazon" source="C:\Users\SEYMA\GitHub\RobotFramework\1_OpenBrowser\tests\open_amazon.robot">
<test id="s1-t1" name="User must sign in to check out">
<kw name="Open Browser" library="SeleniumLibrary">
<arg>https://www.amazon.com</arg>
<arg>gc</arg>
<doc>Opens a new browser instance to the optional ``url``.</doc>
<msg timestamp="20211229 18:44:35.413" level="INFO">Opening browser 'gc' to base url 'https://www.amazon.com'.</msg>
<status status="PASS" starttime="20211229 18:44:35.413" endtime="20211229 18:44:39.357"/>
</kw>
<kw name="Sleep" library="BuiltIn">
<arg>3s</arg>
<doc>Pauses the test executed for the given time.</doc>
<msg timestamp="20211229 18:44:42.368" level="INFO">Slept 3 seconds</msg>
<status status="PASS" starttime="20211229 18:44:39.358" endtime="20211229 18:44:42.368"/>
</kw>
<kw name="Close Browser" library="SeleniumLibrary">
<doc>Closes the current browser.</doc>
<status status="PASS" starttime="20211229 18:44:42.368" endtime="20211229 18:44:44.567"/>
</kw>
<doc>This is some basic info about the test</doc>
<tag>Smoke</tag>
<status status="PASS" starttime="20211229 18:44:35.412" endtime="20211229 18:44:44.569"/>
</test>
<doc>This is some basic info about the whole suite</doc>
<status status="PASS" starttime="20211229 18:44:34.999" endtime="20211229 18:44:44.573"/>
</suite>
<statistics>
<total>
<stat pass="1" fail="0" skip="0">All Tests</stat>
</total>
<tag>
<stat pass="1" fail="0" skip="0">Smoke</stat>
</tag>
<suite>
<stat pass="1" fail="0" skip="0" id="s1" name="Open Amazon">Open Amazon</stat>
</suite>
</statistics>
<errors>
</errors>
</robot>
