<?xml version="1.0" encoding="UTF-8"?>
<robot generator="Robot 4.1.3 (Python 3.8.3 on win32)" generated="20211230 15:22:43.976" rpa="false" schemaversion="2">
<suite id="s1" name="Demo" source="C:\Users\SEYMA\GitHub\RobotFramework\4_KeywordDemo\tests\demo.robot">
<test id="s1-t1" name="Test Case 1">
<kw name="Do Something">
<kw name="Log" library="BuiltIn">
<arg>I am doing something...</arg>
<doc>Logs the given message with the given level.</doc>
<msg timestamp="20211230 15:22:44.009" level="INFO">I am doing something...</msg>
<status status="PASS" starttime="20211230 15:22:44.009" endtime="20211230 15:22:44.009"/>
</kw>
<status status="PASS" starttime="20211230 15:22:44.009" endtime="20211230 15:22:44.009"/>
</kw>
<kw name="Do Something Else">
<kw name="Log" library="BuiltIn">
<arg>I am doing something else...</arg>
<doc>Logs the given message with the given level.</doc>
<msg timestamp="20211230 15:22:44.010" level="INFO">I am doing something else...</msg>
<status status="PASS" starttime="20211230 15:22:44.010" endtime="20211230 15:22:44.010"/>
</kw>
<status status="PASS" starttime="20211230 15:22:44.010" endtime="20211230 15:22:44.010"/>
</kw>
<status status="PASS" starttime="20211230 15:22:44.008" endtime="20211230 15:22:44.011"/>
</test>
<test id="s1-t2" name="Test Case 2">
<kw name="Do Another Thing">
<kw name="Log" library="BuiltIn">
<arg>I am doing another thing...</arg>
<doc>Logs the given message with the given level.</doc>
<msg timestamp="20211230 15:22:44.013" level="INFO">I am doing another thing...</msg>
<status status="PASS" starttime="20211230 15:22:44.013" endtime="20211230 15:22:44.013"/>
</kw>
<status status="PASS" starttime="20211230 15:22:44.013" endtime="20211230 15:22:44.013"/>
</kw>
<kw name="Do Something Else">
<kw name="Log" library="BuiltIn">
<arg>I am doing something else...</arg>
<doc>Logs the given message with the given level.</doc>
<msg timestamp="20211230 15:22:44.014" level="INFO">I am doing something else...</msg>
<status status="PASS" starttime="20211230 15:22:44.014" endtime="20211230 15:22:44.014"/>
</kw>
<status status="PASS" starttime="20211230 15:22:44.013" endtime="20211230 15:22:44.014"/>
</kw>
<status status="PASS" starttime="20211230 15:22:44.012" endtime="20211230 15:22:44.014"/>
</test>
<status status="PASS" starttime="20211230 15:22:43.979" endtime="20211230 15:22:44.016"/>
</suite>
<statistics>
<total>
<stat pass="2" fail="0" skip="0">All Tests</stat>
</total>
<tag>
</tag>
<suite>
<stat pass="2" fail="0" skip="0" id="s1" name="Demo">Demo</stat>
</suite>
</statistics>
<errors>
</errors>
</robot>
