<?xml version="1.0" encoding="UTF-8"?>
<robot generator="Robot 4.1.3 (Python 3.8.3 on win32)" generated="20220103 14:41:49.407" rpa="false" schemaversion="2">
<suite id="s1" name="Tests" source="C:\Users\SEYMA\GitHub\RobotFramework\15_RefactoringPageObjectLocators\tests">
<suite id="s1-s1" name="Amazon" source="C:\Users\SEYMA\GitHub\RobotFramework\15_RefactoringPageObjectLocators\tests\Amazon.robot">
<test id="s1-s1-t1" name="User must sign in to check out">
<kw name="Begin Web Test" library="Common" type="SETUP">
<kw name="Open Browser" library="SeleniumLibrary">
<arg>about:blank</arg>
<arg>${BROWSER}</arg>
<doc>Opens a new browser instance to the optional ``url``.</doc>
<msg timestamp="20220103 14:41:49.697" level="INFO">Opening browser 'gc' to base url 'about:blank'.</msg>
<status status="PASS" starttime="20220103 14:41:49.696" endtime="20220103 14:41:51.062"/>
</kw>
<kw name="Maximize Browser Window" library="SeleniumLibrary">
<doc>Maximizes current browser window.</doc>
<status status="PASS" starttime="20220103 14:41:51.063" endtime="20220103 14:41:51.187"/>
</kw>
<status status="PASS" starttime="20220103 14:41:49.696" endtime="20220103 14:41:51.187"/>
</kw>
<kw name="Search for Products" library="AmazonApp">
<kw name="Load" library="LandingPage">
<kw name="Go To" library="SeleniumLibrary">
<arg>${START_URL}</arg>
<doc>Navigates the current browser window to the provided ``url``.</doc>
<msg timestamp="20220103 14:41:51.190" level="INFO">Opening url 'https://www.amazon.com'</msg>
<status status="PASS" starttime="20220103 14:41:51.190" endtime="20220103 14:41:53.310"/>
</kw>
<status status="PASS" starttime="20220103 14:41:51.189" endtime="20220103 14:41:53.310"/>
</kw>
<kw name="Verify Page Loaded" library="LandingPage">
<kw name="Wait Until Page Contains" library="SeleniumLibrary">
<arg>Hello, Sign in</arg>
<doc>Waits until ``text`` appears on the current page.</doc>
<status status="PASS" starttime="20220103 14:41:53.311" endtime="20220103 14:41:53.397"/>
</kw>
<status status="PASS" starttime="20220103 14:41:53.310" endtime="20220103 14:41:53.397"/>
</kw>
<kw name="Enter Search Term" library="TopNav">
<kw name="Input Text" library="SeleniumLibrary">
<arg>${TOPNAV_SEARCH_BAR}</arg>
<arg>${SEARCH_TERM}</arg>
<doc>Types the given ``text`` into the text field identified by ``locator``.</doc>
<msg timestamp="20220103 14:41:53.398" level="INFO">Typing text 'Ferrari 458' into text field 'id=twotabsearchtextbox'.</msg>
<status status="PASS" starttime="20220103 14:41:53.398" endtime="20220103 14:41:53.614"/>
</kw>
<status status="PASS" starttime="20220103 14:41:53.397" endtime="20220103 14:41:53.614"/>
</kw>
<kw name="Submit Search" library="TopNav">
<kw name="Click Button" library="SeleniumLibrary">
<arg>${TAPNAV_SEARCH_BUTTON}</arg>
<doc>Clicks the button identified by ``locator``.</doc>
<msg timestamp="20220103 14:41:53.615" level="INFO">Clicking button 'xpath=//*[@id="nav-search-submit-button"]'.</msg>
<status status="PASS" starttime="20220103 14:41:53.615" endtime="20220103 14:41:56.113"/>
</kw>
<status status="PASS" starttime="20220103 14:41:53.615" endtime="20220103 14:41:56.113"/>
</kw>
<kw name="Verify Search" library="SearchResults">
<kw name="Wait Until Page Contains" library="SeleniumLibrary">
<arg>results for "${SEARCH_TERM}"</arg>
<doc>Waits until ``text`` appears on the current page.</doc>
<status status="PASS" starttime="20220103 14:41:56.114" endtime="20220103 14:41:56.147"/>
</kw>
<status status="PASS" starttime="20220103 14:41:56.113" endtime="20220103 14:41:56.147"/>
</kw>
<status status="PASS" starttime="20220103 14:41:51.189" endtime="20220103 14:41:56.148"/>
</kw>
<kw name="Select Product from Search Results" library="AmazonApp">
<kw name="Click Product Link" library="SearchResults">
<kw name="Click Link" library="SeleniumLibrary">
<arg>${SEARCH_RESULT_LINK}</arg>
<doc>Clicks a link identified by ``locator``.</doc>
<msg timestamp="20220103 14:41:56.150" level="INFO">Clicking link 'xpath=//*[@id="search"]/div[1]/div[1]/div/span[3]/div[2]/div[3]/div/span/div/div/div[2]/div[1]/h2/a'.</msg>
<status status="PASS" starttime="20220103 14:41:56.149" endtime="20220103 14:41:59.301"/>
</kw>
<status status="PASS" starttime="20220103 14:41:56.149" endtime="20220103 14:41:59.301"/>
</kw>
<kw name="Check Page Loaded" library="Product">
<kw name="Wait Until Page Contains" library="SeleniumLibrary">
<arg>Back to results</arg>
<doc>Waits until ``text`` appears on the current page.</doc>
<status status="PASS" starttime="20220103 14:41:59.301" endtime="20220103 14:41:59.383"/>
</kw>
<status status="PASS" starttime="20220103 14:41:59.301" endtime="20220103 14:41:59.384"/>
</kw>
<status status="PASS" starttime="20220103 14:41:56.148" endtime="20220103 14:41:59.384"/>
</kw>
<kw name="Add Product to Cart" library="AmazonApp">
<kw name="Add to Cart" library="Product">
<kw name="Click Button" library="SeleniumLibrary">
<arg>${ADD_TO_CART}</arg>
<doc>Clicks the button identified by ``locator``.</doc>
<msg timestamp="20220103 14:41:59.385" level="INFO">Clicking button 'xpath=//*[@id="add-to-cart-button"]'.</msg>
<status status="PASS" starttime="20220103 14:41:59.385" endtime="20220103 14:42:00.956"/>
</kw>
<status status="PASS" starttime="20220103 14:41:59.385" endtime="20220103 14:42:00.956"/>
</kw>
<kw name="Verify Product Added" library="Cart">
<kw name="Wait Until Page Contains" library="SeleniumLibrary">
<arg>Added to Cart</arg>
<doc>Waits until ``text`` appears on the current page.</doc>
<status status="PASS" starttime="20220103 14:42:00.956" endtime="20220103 14:42:01.029"/>
</kw>
<status status="PASS" starttime="20220103 14:42:00.956" endtime="20220103 14:42:01.029"/>
</kw>
<status status="PASS" starttime="20220103 14:41:59.384" endtime="20220103 14:42:01.029"/>
</kw>
<kw name="Begin Checkout" library="AmazonApp">
<kw name="Proceed" library="Cart">
<kw name="Click Link" library="SeleniumLibrary">
<arg>${NAV_CART_LINK}</arg>
<doc>Clicks a link identified by ``locator``.</doc>
<msg timestamp="20220103 14:42:01.035" level="INFO">Clicking link 'xpath=//*[@id="nav-cart"]'.</msg>
<status status="PASS" starttime="20220103 14:42:01.034" endtime="20220103 14:42:02.715"/>
</kw>
<status status="PASS" starttime="20220103 14:42:01.034" endtime="20220103 14:42:02.715"/>
</kw>
<kw name="Check Page" library="Cart">
<kw name="Wait Until Page Contains" library="SeleniumLibrary">
<arg>Shopping Cart</arg>
<doc>Waits until ``text`` appears on the current page.</doc>
<status status="PASS" starttime="20220103 14:42:02.716" endtime="20220103 14:42:02.738"/>
</kw>
<status status="PASS" starttime="20220103 14:42:02.716" endtime="20220103 14:42:02.738"/>
</kw>
<kw name="Clicking Checkout Button" library="Cart">
<kw name="Click Button" library="SeleniumLibrary">
<arg>${PROCEED_TO_CHECKOUT}</arg>
<doc>Clicks the button identified by ``locator``.</doc>
<msg timestamp="20220103 14:42:02.739" level="INFO">Clicking button 'xpath=//*[@id="sc-buy-box-ptc-button"]/span/input'.</msg>
<status status="PASS" starttime="20220103 14:42:02.739" endtime="20220103 14:42:04.071"/>
</kw>
<status status="PASS" starttime="20220103 14:42:02.738" endtime="20220103 14:42:04.071"/>
</kw>
<kw name="Check Page Contains" library="SignIn">
<kw name="Page Should Contain Element" library="SeleniumLibrary">
<arg>${SIGNIN_MAIN_HEADING}</arg>
<doc>Verifies that element ``locator`` is found on the current page.</doc>
<msg timestamp="20220103 14:42:04.123" level="INFO">Current page contains element 'xpath=//h1'.</msg>
<status status="PASS" starttime="20220103 14:42:04.072" endtime="20220103 14:42:04.123"/>
</kw>
<kw name="Element Text Should Be" library="SeleniumLibrary">
<arg>${SIGNIN_MAIN_HEADING}</arg>
<arg>Sign-In</arg>
<doc>Verifies that element ``locator`` contains exact the text ``expected``.</doc>
<msg timestamp="20220103 14:42:04.124" level="INFO">Verifying element 'xpath=//h1' contains exact text 'Sign-In'.</msg>
<status status="PASS" starttime="20220103 14:42:04.123" endtime="20220103 14:42:04.143"/>
</kw>
<status status="PASS" starttime="20220103 14:42:04.072" endtime="20220103 14:42:04.143"/>
</kw>
<status status="PASS" starttime="20220103 14:42:01.033" endtime="20220103 14:42:04.143"/>
</kw>
<kw name="End Web Test" library="Common" type="TEARDOWN">
<kw name="Close Browser" library="SeleniumLibrary">
<doc>Closes the current browser.</doc>
<status status="PASS" starttime="20220103 14:42:04.144" endtime="20220103 14:42:06.391"/>
</kw>
<status status="PASS" starttime="20220103 14:42:04.144" endtime="20220103 14:42:06.391"/>
</kw>
<doc>This is some basic info about the test</doc>
<tag>Smoke</tag>
<status status="PASS" starttime="20220103 14:41:49.695" endtime="20220103 14:42:06.392"/>
</test>
<doc>This is some basic info about the whole suite</doc>
<status status="PASS" starttime="20220103 14:41:49.440" endtime="20220103 14:42:06.398"/>
</suite>
<status status="PASS" starttime="20220103 14:41:49.409" endtime="20220103 14:42:06.404"/>
</suite>
<statistics>
<total>
<stat pass="1" fail="0" skip="0">All Tests</stat>
</total>
<tag>
<stat pass="1" fail="0" skip="0">Smoke</stat>
</tag>
<suite>
<stat pass="1" fail="0" skip="0" id="s1" name="Tests">Tests</stat>
<stat pass="1" fail="0" skip="0" id="s1-s1" name="Amazon">Tests.Amazon</stat>
</suite>
</statistics>
<errors>
</errors>
</robot>
