<?xml version="1.0" encoding="UTF-8"?>
<robot generator="Robot 4.1.3 (Python 3.8.3 on win32)" generated="20220103 15:49:37.617" rpa="false" schemaversion="2">
<suite id="s1" name="Tests" source="C:\Users\SEYMA\GitHub\RobotFramework\16_AddingQuotesForClarity\tests">
<suite id="s1-s1" name="Amazon" source="C:\Users\SEYMA\GitHub\RobotFramework\16_AddingQuotesForClarity\tests\Amazon.robot">
<test id="s1-s1-t1" name="Should be able to login">
<kw name="Begin Web Test" library="Common" type="SETUP">
<kw name="Open Browser" library="SeleniumLibrary">
<arg>about:blank</arg>
<arg>${BROWSER}</arg>
<doc>Opens a new browser instance to the optional ``url``.</doc>
<msg timestamp="20220103 15:49:37.900" level="INFO">Opening browser 'gc' to base url 'about:blank'.</msg>
<status status="PASS" starttime="20220103 15:49:37.900" endtime="20220103 15:49:39.286"/>
</kw>
<kw name="Maximize Browser Window" library="SeleniumLibrary">
<doc>Maximizes current browser window.</doc>
<status status="PASS" starttime="20220103 15:49:39.286" endtime="20220103 15:49:39.415"/>
</kw>
<status status="PASS" starttime="20220103 15:49:37.899" endtime="20220103 15:49:39.416"/>
</kw>
<kw name="Login" library="AmazonApp">
<arg>${LOGIN_EMAIL}</arg>
<arg>${LOGIN_PASSWORD}</arg>
<kw name="Login With Valid Credentials" library="SignIn">
<arg>${Email}</arg>
<arg>${Password}</arg>
<kw name="Fill &quot;Email&quot; Field" library="SignIn">
<arg>${Email}</arg>
<kw name="Log" library="BuiltIn">
<arg>Fill "Email" Field with ${Email}</arg>
<doc>Logs the given message with the given level.</doc>
<msg timestamp="20220103 15:49:39.422" level="INFO">Fill "Email" Field with admin@gmail.com</msg>
<status status="PASS" starttime="20220103 15:49:39.422" endtime="20220103 15:49:39.423"/>
</kw>
<status status="PASS" starttime="20220103 15:49:39.421" endtime="20220103 15:49:39.423"/>
</kw>
<kw name="Fill &quot;Password&quot; Field" library="SignIn">
<arg>${Password}</arg>
<kw name="Log" library="BuiltIn">
<arg>Fill "Password" Field with ${Password}</arg>
<doc>Logs the given message with the given level.</doc>
<msg timestamp="20220103 15:49:39.425" level="INFO">Fill "Password" Field with myPassword1</msg>
<status status="PASS" starttime="20220103 15:49:39.424" endtime="20220103 15:49:39.425"/>
</kw>
<status status="PASS" starttime="20220103 15:49:39.423" endtime="20220103 15:49:39.426"/>
</kw>
<kw name="Click Sign In Button" library="SignIn">
<kw name="Log" library="BuiltIn">
<arg>Clicking Sign In Button</arg>
<doc>Logs the given message with the given level.</doc>
<msg timestamp="20220103 15:49:39.427" level="INFO">Clicking Sign In Button</msg>
<status status="PASS" starttime="20220103 15:49:39.427" endtime="20220103 15:49:39.428"/>
</kw>
<status status="PASS" starttime="20220103 15:49:39.426" endtime="20220103 15:49:39.428"/>
</kw>
<status status="PASS" starttime="20220103 15:49:39.419" endtime="20220103 15:49:39.429"/>
</kw>
<status status="PASS" starttime="20220103 15:49:39.418" endtime="20220103 15:49:39.429"/>
</kw>
<kw name="End Web Test" library="Common" type="TEARDOWN">
<kw name="Close Browser" library="SeleniumLibrary">
<doc>Closes the current browser.</doc>
<status status="PASS" starttime="20220103 15:49:39.432" endtime="20220103 15:49:41.613"/>
</kw>
<status status="PASS" starttime="20220103 15:49:39.431" endtime="20220103 15:49:41.613"/>
</kw>
<status status="PASS" starttime="20220103 15:49:37.899" endtime="20220103 15:49:41.614"/>
</test>
<doc>This is some basic info about the whole suite</doc>
<status status="PASS" starttime="20220103 15:49:37.652" endtime="20220103 15:49:41.616"/>
</suite>
<status status="PASS" starttime="20220103 15:49:37.619" endtime="20220103 15:49:41.620"/>
</suite>
<statistics>
<total>
<stat pass="1" fail="0" skip="0">All Tests</stat>
</total>
<tag>
</tag>
<suite>
<stat pass="1" fail="0" skip="0" id="s1" name="Tests">Tests</stat>
<stat pass="1" fail="0" skip="0" id="s1-s1" name="Amazon">Tests.Amazon</stat>
</suite>
</statistics>
<errors>
</errors>
</robot>
