<?xml version="1.0" encoding="UTF-8"?>
<robot generator="Robot 4.1.3 (Python 3.8.3 on win32)" generated="20220103 10:21:15.702" rpa="false" schemaversion="2">
<suite id="s1" name="Tests" source="C:\Users\SEYMA\GitHub\RobotFramework\10_ScalarVariables\tests">
<suite id="s1-s1" name="Scalar" source="C:\Users\SEYMA\GitHub\RobotFramework\10_ScalarVariables\tests\Scalar.robot">
<test id="s1-s1-t1" name="Set a variable in the test case">
<kw name="Set Variable" library="BuiltIn">
<var>${my_new_variable}</var>
<arg>The new variable in the test case</arg>
<doc>Returns the given values which can then be assigned to a variables.</doc>
<msg timestamp="20220103 10:21:15.737" level="INFO">${my_new_variable} = The new variable in the test case</msg>
<status status="PASS" starttime="20220103 10:21:15.737" endtime="20220103 10:21:15.737"/>
</kw>
<kw name="Log" library="BuiltIn">
<arg>${my_new_variable}</arg>
<doc>Logs the given message with the given level.</doc>
<msg timestamp="20220103 10:21:15.738" level="INFO">The new variable in the test case</msg>
<status status="PASS" starttime="20220103 10:21:15.738" endtime="20220103 10:21:15.738"/>
</kw>
<tag>Current</tag>
<status status="PASS" starttime="20220103 10:21:15.736" endtime="20220103 10:21:15.739"/>
</test>
<status status="PASS" starttime="20220103 10:21:15.733" endtime="20220103 10:21:15.741"/>
</suite>
<status status="PASS" starttime="20220103 10:21:15.704" endtime="20220103 10:21:15.743"/>
</suite>
<statistics>
<total>
<stat pass="1" fail="0" skip="0">All Tests</stat>
</total>
<tag>
<stat pass="1" fail="0" skip="0">Current</stat>
</tag>
<suite>
<stat pass="1" fail="0" skip="0" id="s1" name="Tests">Tests</stat>
<stat pass="1" fail="0" skip="0" id="s1-s1" name="Scalar">Tests.Scalar</stat>
</suite>
</statistics>
<errors>
</errors>
</robot>
